{
  "RSpec": {
    "coverage": {
      "/Users/jhoogst2/Dropbox/webdev/rails_projects/medial_operations/config/environment.rb": [
        null,
        1,
        null,
        null,
        1
      ],
      "/Users/jhoogst2/Dropbox/webdev/rails_projects/medial_operations/config/application.rb": [
        1,
        null,
        null,
        null,
        1,
        1,
        1,
        1,
        null,
        1,
        null,
        1,
        null,
        null,
        null,
        null,
        1,
        1,
        null,
        null,
        null,
        null,
        null,
        1,
        null,
        null,
        null,
        null,
        null,
        null,
        null,
        null,
        null,
        null,
        null,
        null,
        null,
        null,
        null,
        null,
        null,
        1,
        null,
        null,
        1,
        null,
        null,
        1,
        null,
        null,
        null,
        null,
        null,
        null,
        null,
        null,
        null,
        null,
        null,
        null,
        null,
        1,
        null,
        null,
        1,
        null,
        null,
        1,
        null,
        null,
        1,
        null,
        1,
        1,
        null,
        null,
        null,
        1,
        null,
        null,
        1,
        null,
        null
      ],
      "/Users/jhoogst2/Dropbox/webdev/rails_projects/medial_operations/config/boot.rb": [
        1,
        null,
        null,
        1,
        null,
        1
      ],
      "/Users/jhoogst2/Dropbox/webdev/rails_projects/medial_operations/config/environments/test.rb": [
        1,
        null,
        null,
        null,
        null,
        null,
        null,
        1,
        null,
        null,
        1,
        1,
        null,
        null,
        1,
        null,
        null,
        1,
        1,
        null,
        null,
        1,
        null,
        null,
        1,
        null,
        null,
        null,
        null,
        1,
        null,
        null,
        null,
        1,
        null,
        1,
        null
      ],
      "/Users/jhoogst2/Dropbox/webdev/rails_projects/medial_operations/config/initializers/backtrace_silencers.rb": [
        null,
        null,
        null,
        null,
        null,
        null,
        null
      ],
      "/Users/jhoogst2/Dropbox/webdev/rails_projects/medial_operations/config/initializers/bonsai.rb": [
        1,
        null,
        null,
        1,
        1,
        1
      ],
      "/Users/jhoogst2/Dropbox/webdev/rails_projects/medial_operations/config/initializers/devise.rb": [
        null,
        null,
        1,
        null,
        null,
        null,
        1,
        null,
        null,
        null,
        null,
        null,
        null,
        null,
        null,
        1,
        null,
        null,
        null,
        null,
        null,
        null,
        null,
        null,
        null,
        null,
        null,
        null,
        null,
        null,
        null,
        null,
        null,
        null,
        null,
        null,
        null,
        1,
        null,
        null,
        null,
        null,
        1,
        null,
        null,
        null,
        null,
        null,
        null,
        null,
        null,
        null,
        null,
        null,
        null,
        null,
        null,
        null,
        null,
        null,
        null,
        null,
        null,
        null,
        null,
        null,
        null,
        null,
        null,
        null,
        null,
        null,
        1,
        null,
        null,
        null,
        null,
        null,
        null,
        null,
        null,
        1,
        null,
        null,
        null,
        null,
        null,
        null,
        null,
        null,
        null,
        null,
        null,
        null,
        null,
        null,
        null,
        null,
        null,
        null,
        null,
        null,
        null,
        null,
        null,
        null,
        1,
        null,
        null,
        null,
        null,
        null,
        null,
        null,
        null,
        null,
        null,
        null,
        null,
        null,
        null,
        null,
        null,
        null,
        1,
        null,
        null,
        null,
        null,
        null,
        null,
        null,
        null,
        null,
        null,
        null,
        null,
        null,
        null,
        null,
        null,
        null,
        null,
        null,
        null,
        null,
        null,
        null,
        null,
        null,
        null,
        null,
        null,
        null,
        null,
        null,
        null,
        null,
        null,
        null,
        null,
        null,
        null,
        null,
        null,
        null,
        null,
        null,
        null,
        null,
        1,
        null,
        null,
        null,
        null,
        null,
        null,
        null,
        null,
        null,
        null,
        null,
        null,
        null,
        null,
        null,
        null,
        null,
        null,
        null,
        null,
        null,
        null,
        null,
        null,
        null,
        null,
        null,
        null,
        null,
        null,
        null,
        null,
        null,
        null,
        null,
        null,
        null,
        null,
        null,
        1,
        null,
        null,
        null,
        null,
        null,
        null,
        null,
        null,
        null,
        null,
        null,
        null,
        null,
        null,
        null,
        null,
        null,
        null,
        null,
        null,
        null,
        null,
        null,
        null,
        null,
        null,
        null,
        null,
        null
      ],
      "/Users/jhoogst2/Dropbox/webdev/rails_projects/medial_operations/config/initializers/inflections.rb": [
        null,
        null,
        null,
        null,
        null,
        null,
        null,
        null,
        null,
        null,
        null,
        null,
        null,
        null,
        null
      ],
      "/Users/jhoogst2/Dropbox/webdev/rails_projects/medial_operations/config/initializers/mime_types.rb": [
        null,
        null,
        null,
        null,
        null
      ],
      "/Users/jhoogst2/Dropbox/webdev/rails_projects/medial_operations/config/initializers/rails_assistant.rb": [
        null,
        null,
        null,
        null,
        null,
        null,
        null,
        null,
        null,
        null,
        null,
        null,
        1,
        null,
        null,
        0,
        0,
        null,
        null,
        0,
        0,
        0,
        null,
        null,
        null,
        null
      ],
      "/Users/jhoogst2/Dropbox/webdev/rails_projects/medial_operations/config/initializers/secret_token.rb": [
        null,
        null,
        null,
        null,
        null,
        null,
        1
      ],
      "/Users/jhoogst2/Dropbox/webdev/rails_projects/medial_operations/config/initializers/session_store.rb": [
        null,
        null,
        1,
        null,
        null,
        null,
        null,
        null
      ],
      "/Users/jhoogst2/Dropbox/webdev/rails_projects/medial_operations/config/initializers/wrap_parameters.rb": [
        null,
        null,
        null,
        null,
        null,
        null,
        1,
        1,
        null,
        null
      ],
      "/Users/jhoogst2/Dropbox/webdev/rails_projects/medial_operations/config/routes.rb": [
        1,
        1,
        1,
        null,
        null,
        1,
        null,
        1,
        1,
        1,
        1,
        1,
        null,
        null,
        null,
        1,
        1,
        1,
        1,
        null,
        1,
        null,
        null,
        null,
        null,
        null,
        null,
        null,
        null,
        null,
        null,
        null,
        null,
        null,
        null,
        null,
        null,
        null,
        null,
        null,
        null,
        null,
        null,
        null,
        null,
        null,
        null,
        null,
        null,
        null,
        null,
        null,
        null,
        null,
        null,
        null,
        null,
        null,
        null,
        null,
        null,
        null,
        null,
        null,
        null,
        null,
        null,
        null,
        null,
        null,
        null,
        null,
        null,
        null,
        null,
        null,
        null,
        null,
        null
      ],
      "/Users/jhoogst2/Dropbox/webdev/rails_projects/medial_operations/app/models/user.rb": [
        1,
        1,
        null,
        null,
        null,
        1,
        null,
        null,
        null,
        null,
        1,
        1,
        null,
        null,
        1,
        1,
        null,
        null,
        1,
        null,
        null,
        1,
        1,
        1,
        1,
        1,
        null,
        null,
        1,
        1,
        1,
        1,
        null,
        null,
        null,
        null,
        null,
        null,
        null,
        null,
        null,
        1,
        1,
        null,
        1,
        null,
        null
      ],
      "/Users/jhoogst2/Dropbox/webdev/rails_projects/medial_operations/app/controllers/application_controller.rb": [
        1,
        1,
        null
      ],
      "/Users/jhoogst2/Dropbox/webdev/rails_projects/medial_operations/app/helpers/application_helper.rb": [
        1,
        1,
        0,
        0,
        0,
        0,
        null,
        null,
        1,
        0,
        null,
        null,
        1,
        0,
        0,
        0,
        0,
        null,
        0,
        0,
        0,
        0,
        null,
        0,
        null,
        0,
        null,
        null,
        null,
        null,
        null,
        null
      ],
      "/Users/jhoogst2/Dropbox/webdev/rails_projects/medial_operations/app/helpers/authors_helper.rb": [
        1,
        null
      ],
      "/Users/jhoogst2/Dropbox/webdev/rails_projects/medial_operations/app/helpers/pages_helper.rb": [
        1,
        null
      ],
      "/Users/jhoogst2/Dropbox/webdev/rails_projects/medial_operations/app/helpers/presentations_helper.rb": [
        1,
        null
      ],
      "/Users/jhoogst2/Dropbox/webdev/rails_projects/medial_operations/app/helpers/references_helper.rb": [
        1,
        null
      ],
      "/Users/jhoogst2/Dropbox/webdev/rails_projects/medial_operations/app/helpers/tags_helper.rb": [
        1,
        null
      ],
      "/Users/jhoogst2/Dropbox/webdev/rails_projects/medial_operations/app/helpers/users_helper.rb": [
        1,
        null
      ],
      "/Users/jhoogst2/Dropbox/webdev/rails_projects/medial_operations/app/controllers/authors_controller.rb": [
        1,
        1,
        1,
        1,
        null
      ],
      "/Users/jhoogst2/Dropbox/webdev/rails_projects/medial_operations/app/models/author.rb": [
        null,
        1,
        1,
        1,
        null,
        1,
        1,
        1,
        1,
        null,
        1,
        1,
        1,
        null,
        1,
        null,
        1,
        null,
        1,
        1,
        1,
        1,
        null,
        1,
        0,
        0,
        null,
        0,
        null,
        null,
        null,
        1,
        0,
        0,
        null,
        0,
        null,
        null,
        null,
        1,
        0,
        null,
        null,
        1,
        0,
        0,
        0,
        null,
        0,
        null,
        null,
        null,
        1,
        1,
        0,
        null,
        null,
        1,
        0,
        0,
        0,
        null,
        null,
        null
      ],
      "/Users/jhoogst2/Dropbox/webdev/rails_projects/medial_operations/app/controllers/courses_controller.rb": [
        1,
        1,
        1,
        1,
        null,
        1,
        null,
        null
      ],
      "/Users/jhoogst2/Dropbox/webdev/rails_projects/medial_operations/app/models/course.rb": [
        1,
        1,
        1,
        1,
        null,
        1,
        1,
        1,
        1,
        1,
        null,
        1,
        null,
        1,
        null,
        1,
        1,
        1,
        1,
        null,
        1,
        null,
        1,
        0,
        null,
        null,
        1,
        0,
        0,
        0,
        0,
        0,
        null,
        null,
        1,
        0,
        0,
        null,
        null,
        1,
        0,
        0,
        null,
        null,
        1,
        0,
        null,
        null,
        1,
        0,
        null,
        null,
        1,
        0,
        null,
        null
      ],
      "/Users/jhoogst2/Dropbox/webdev/rails_projects/medial_operations/app/controllers/meetings_controller.rb": [
        1,
        1,
        1,
        1,
        null,
        1,
        null,
        null,
        null
      ],
      "/Users/jhoogst2/Dropbox/webdev/rails_projects/medial_operations/app/models/meeting.rb": [
        1,
        1,
        1,
        1,
        1,
        null,
        1,
        1,
        1,
        1,
        1,
        1,
        1,
        null,
        1,
        null,
        1,
        null,
        1,
        null,
        null,
        1,
        1,
        1,
        1,
        null,
        1,
        1,
        1,
        1,
        null,
        1,
        null,
        1,
        1,
        null,
        1,
        0,
        null,
        null,
        1,
        0,
        0,
        0,
        0,
        0,
        0,
        0,
        null,
        null,
        null,
        null,
        null,
        null,
        null,
        1,
        0,
        0,
        0,
        0,
        null,
        0,
        null,
        null,
        null,
        null,
        null,
        1,
        0,
        null,
        null,
        1,
        0,
        0,
        0,
        null,
        null,
        null,
        1,
        0,
        0,
        0,
        0,
        null,
        0,
        null,
        0,
        0,
        null,
        null,
        1,
        0,
        0,
        null,
        null,
        1,
        0,
        null,
        null,
        null
      ],
      "/Users/jhoogst2/Dropbox/webdev/rails_projects/medial_operations/app/validators/right_course_validator.rb": [
        1,
        1,
        0,
        null,
        1,
        0,
        0,
        null,
        null,
        null
      ],
      "/Users/jhoogst2/Dropbox/webdev/rails_projects/medial_operations/app/controllers/pages_controller.rb": [
        1,
        1,
        null
      ],
      "/Users/jhoogst2/Dropbox/webdev/rails_projects/medial_operations/app/controllers/presentations_controller.rb": [
        1,
        1,
        1,
        null
      ],
      "/Users/jhoogst2/Dropbox/webdev/rails_projects/medial_operations/app/controllers/references_controller.rb": [
        1,
        1,
        1,
        1,
        null,
        1,
        null,
        null,
        1,
        null,
        null
      ],
      "/Users/jhoogst2/Dropbox/webdev/rails_projects/medial_operations/app/models/reference.rb": [
        1,
        1,
        1,
        1,
        1,
        null,
        1,
        1,
        1,
        1,
        1,
        null,
        1,
        null,
        1,
        null,
        1,
        null,
        null,
        1,
        1,
        1,
        1,
        1,
        null,
        1,
        null,
        1,
        1,
        null,
        1,
        0,
        null,
        null,
        1,
        0,
        null,
        null,
        1,
        0,
        0,
        0,
        0,
        null,
        0,
        null,
        null,
        null,
        null,
        null,
        1,
        0,
        0,
        null,
        0,
        null,
        null,
        null,
        1,
        0,
        0,
        0,
        0,
        null,
        null,
        1,
        1,
        0,
        0,
        null,
        null,
        1,
        0,
        0,
        null,
        null,
        null,
        1,
        0,
        null,
        null,
        1,
        0,
        null,
        null
      ],
      "/Users/jhoogst2/Dropbox/webdev/rails_projects/medial_operations/app/controllers/sections_controller.rb": [
        1,
        1,
        1,
        1,
        1,
        null,
        1,
        null,
        null,
        null
      ],
      "/Users/jhoogst2/Dropbox/webdev/rails_projects/medial_operations/app/models/section.rb": [
        1,
        1,
        1,
        1,
        null,
        1,
        1,
        1,
        null,
        1,
        null,
        1,
        null,
        1,
        1,
        1,
        null,
        1,
        1,
        1,
        null,
        1,
        0,
        null,
        null,
        1,
        0,
        0,
        0,
        0,
        null,
        0,
        0,
        0,
        null,
        null,
        1,
        0,
        0,
        null,
        null,
        1,
        0,
        0,
        null,
        null,
        1,
        0,
        0,
        null,
        null,
        1,
        0,
        0,
        null,
        null
      ],
      "/Users/jhoogst2/Dropbox/webdev/rails_projects/medial_operations/app/controllers/tags_controller.rb": [
        1,
        1,
        1,
        1,
        1,
        null
      ],
      "/Users/jhoogst2/Dropbox/webdev/rails_projects/medial_operations/app/models/tag.rb": [
        1,
        1,
        1,
        null,
        1,
        null,
        1,
        1,
        null,
        1,
        null,
        1,
        0,
        null,
        null,
        1,
        0,
        null,
        null,
        1,
        0,
        null,
        null,
        1,
        0,
        null,
        null
      ],
      "/Users/jhoogst2/Dropbox/webdev/rails_projects/medial_operations/app/controllers/users_controller.rb": [
        1,
        1,
        null
      ],
      "/Users/jhoogst2/Dropbox/webdev/rails_projects/medial_operations/app/models/assignment.rb": [
        1,
        1,
        1,
        1,
        1,
        null,
        1,
        1,
        1,
        1,
        null,
        1,
        null,
        1,
        1,
        null,
        1,
        1,
        null,
        1,
        0,
        null,
        null
      ],
      "/Users/jhoogst2/Dropbox/webdev/rails_projects/medial_operations/app/models/chapter.rb": [
        1,
        1,
        null,
        null,
        1,
        1,
        null,
        null,
        1,
        1,
        null,
        1,
        null,
        1,
        0,
        0,
        null,
        null,
        1,
        0,
        null,
        null,
        1,
        0,
        0,
        0,
        null,
        null,
        1,
        0,
        0,
        null,
        null,
        null,
        1,
        0,
        0,
        null,
        null,
        null,
        1,
        0,
        null,
        null,
        1,
        0,
        null,
        null,
        1,
        0,
        0,
        0,
        null,
        null
      ],
      "/Users/jhoogst2/Dropbox/webdev/rails_projects/medial_operations/app/models/individual_reference.rb": [
        1,
        1,
        null,
        1,
        1,
        null,
        1,
        1,
        0,
        0,
        0,
        null,
        null,
        1,
        0,
        null,
        null
      ],
      "/Users/jhoogst2/Dropbox/webdev/rails_projects/medial_operations/app/models/collection_reference.rb": [
        1,
        null,
        1,
        null,
        1,
        null,
        1,
        null,
        1,
        0,
        0,
        0,
        null,
        null,
        null
      ],
      "/Users/jhoogst2/Dropbox/webdev/rails_projects/medial_operations/app/models/comment.rb": [
        1,
        1,
        1,
        null,
        1,
        null
      ],
      "/Users/jhoogst2/Dropbox/webdev/rails_projects/medial_operations/app/models/journal.rb": [
        1,
        1,
        null
      ],
      "/Users/jhoogst2/Dropbox/webdev/rails_projects/medial_operations/app/models/periodical.rb": [
        1,
        1,
        1,
        1,
        null,
        1,
        1,
        null,
        1,
        null,
        1,
        1,
        null,
        1,
        0,
        0,
        0,
        null,
        0,
        null,
        null,
        1,
        0,
        null,
        null
      ],
      "/Users/jhoogst2/Dropbox/webdev/rails_projects/medial_operations/app/models/journal_article.rb": [
        1,
        1,
        null,
        1,
        1,
        null,
        1,
        1,
        null,
        1,
        1,
        0,
        0,
        null,
        null,
        1,
        1,
        null,
        1,
        0,
        0,
        null,
        null
      ],
      "/Users/jhoogst2/Dropbox/webdev/rails_projects/medial_operations/app/models/periodical_reference.rb": [
        1,
        1,
        null,
        1,
        1,
        null,
        1,
        0,
        null,
        null,
        null,
        1,
        null,
        1,
        0,
        null,
        null,
        1,
        0,
        null,
        null,
        1,
        0,
        null,
        null,
        1,
        0,
        null,
        null
      ],
      "/Users/jhoogst2/Dropbox/webdev/rails_projects/medial_operations/app/models/magazine.rb": [
        1,
        1,
        null
      ],
      "/Users/jhoogst2/Dropbox/webdev/rails_projects/medial_operations/app/models/magazine_article.rb": [
        1,
        null,
        1,
        null,
        1,
        1,
        null,
        1,
        1,
        null,
        1,
        1,
        1,
        null,
        1,
        0,
        0,
        null,
        null,
        1,
        0,
        null,
        null
      ],
      "/Users/jhoogst2/Dropbox/webdev/rails_projects/medial_operations/app/models/monograph.rb": [
        1,
        null,
        1,
        null,
        1,
        null,
        1,
        1,
        null,
        1,
        null,
        1,
        1,
        0,
        0,
        null,
        1,
        null,
        1,
        0,
        0,
        0,
        0,
        null,
        null,
        1,
        0,
        0,
        null,
        null,
        null
      ],
      "/Users/jhoogst2/Dropbox/webdev/rails_projects/medial_operations/app/models/online_article.rb": [
        1,
        1,
        null,
        1,
        1,
        null,
        1,
        1,
        null,
        1,
        0,
        null,
        null,
        1,
        0,
        0,
        null,
        null,
        1,
        null,
        null,
        null,
        1,
        0,
        null,
        null,
        1,
        0,
        null,
        null
      ],
      "/Users/jhoogst2/Dropbox/webdev/rails_projects/medial_operations/app/models/publisher.rb": [
        1,
        1,
        null,
        1,
        null,
        1,
        1,
        null,
        1,
        1,
        null,
        1,
        1,
        1,
        null,
        1,
        0,
        null,
        null
      ],
      "/Users/jhoogst2/Dropbox/webdev/rails_projects/medial_operations/app/models/volume.rb": [
        1,
        null,
        1,
        null,
        1,
        null,
        1,
        1,
        null,
        1,
        null,
        1,
        0,
        null,
        null,
        1,
        0,
        null,
        null,
        1,
        null,
        1,
        0,
        0,
        null,
        null,
        null,
        1,
        1,
        0,
        null,
        1,
        null,
        1,
        0,
        0,
        null,
        null,
        null,
        1,
        0,
        0,
        0,
        0,
        null,
        null
      ],
      "/Users/jhoogst2/Dropbox/webdev/rails_projects/medial_operations/app/models/volume_article.rb": [
        1,
        1,
        null,
        null,
        1,
        1,
        null,
        null,
        1,
        1,
        null,
        1,
        null,
        1,
        0,
        null,
        null,
        1,
        0,
        0,
        null,
        null,
        1,
        0,
        null,
        null,
        1,
        0,
        0,
        0,
        null,
        null,
        1,
        0,
        0,
        null,
        null,
        null,
        1,
        0,
        null,
        null,
        1,
        0,
        null,
        null,
        1,
        0,
        0,
        0,
        null,
        null
      ],
      "/Users/jhoogst2/Dropbox/webdev/rails_projects/medial_operations/app/models/website.rb": [
        1,
        1,
        null
      ],
      "/Users/jhoogst2/Dropbox/webdev/rails_projects/medial_operations/app/presenters/assignment_presenter.rb": [
        1,
        1,
        null,
        1,
        0,
        null,
        null
      ],
      "/Users/jhoogst2/Dropbox/webdev/rails_projects/medial_operations/app/presenters/base_presenter.rb": [
        1,
        1,
        0,
        0,
        null,
        null,
        1,
        13,
        0,
        null,
        null,
        null,
        1,
        0,
        null,
        null,
        1,
        0,
        null,
        null,
        1,
        0,
        0,
        null,
        null,
        null,
        1,
        0,
        null,
        null,
        null,
        null,
        null,
        0,
        0,
        0,
        null,
        0,
        null,
        null
      ],
      "/Users/jhoogst2/Dropbox/webdev/rails_projects/medial_operations/app/presenters/chapter_presenter.rb": [
        1,
        1,
        null,
        1,
        0,
        0,
        0,
        0,
        0,
        0,
        0,
        0,
        0,
        null,
        1,
        null,
        1,
        1,
        0,
        0,
        0,
        null,
        null
      ],
      "/Users/jhoogst2/Dropbox/webdev/rails_projects/medial_operations/app/presenters/reference_presenter.rb": [
        1,
        1,
        null,
        1,
        0,
        0,
        0,
        0,
        0,
        0,
        0,
        null,
        1,
        null,
        1,
        0,
        null,
        null,
        1,
        0,
        0,
        null,
        null,
        null,
        1,
        0,
        null,
        null,
        1,
        1,
        0,
        0,
        null,
        0,
        0,
        0,
        0,
        0,
        null,
        0,
        null,
        0,
        null,
        0,
        null,
        null,
        0,
        0,
        null,
        null,
        0,
        null,
        null,
        1,
        0,
        null,
        null,
        1,
        0,
        0,
        0,
        0,
        0,
        null,
        0,
        null,
        null,
        0,
        null,
        null,
        null,
        1,
        0,
        0,
        0,
        0,
        0,
        null,
        0,
        null,
        null,
        0,
        null,
        null,
        null,
        1,
        0,
        null,
        null,
        1,
        0,
        0,
        0,
        null,
        null,
        null,
        null,
        null,
        1,
        0,
        0,
        null,
        null,
        null,
        1,
        0,
        null,
        null
      ],
      "/Users/jhoogst2/Dropbox/webdev/rails_projects/medial_operations/app/presenters/collection_reference_presenter.rb": [
        1,
        1,
        null,
        1,
        0,
        0,
        null,
        null
      ],
      "/Users/jhoogst2/Dropbox/webdev/rails_projects/medial_operations/app/presenters/course_presenter.rb": [
        1,
        1,
        null,
        1,
        0,
        0,
        null,
        null,
        null,
        1,
        0,
        0,
        null,
        null,
        null
      ],
      "/Users/jhoogst2/Dropbox/webdev/rails_projects/medial_operations/app/presenters/journal_article_presenter.rb": [
        1,
        1,
        null,
        1,
        0,
        0,
        0,
        0,
        0,
        0,
        0,
        0,
        null,
        1,
        null,
        1,
        null,
        1,
        0,
        0,
        0,
        null,
        null,
        1,
        0,
        0,
        0,
        0,
        null,
        null,
        null,
        1,
        0,
        0,
        null,
        null,
        null
      ],
      "/Users/jhoogst2/Dropbox/webdev/rails_projects/medial_operations/app/presenters/magazine_article_presenter.rb": [
        1,
        1,
        null,
        1,
        0,
        0,
        0,
        0,
        0,
        0,
        0,
        null,
        1,
        null,
        1,
        null,
        1,
        0,
        0,
        0,
        null,
        null,
        1,
        0,
        0,
        0,
        0,
        null,
        null,
        null
      ],
      "/Users/jhoogst2/Dropbox/webdev/rails_projects/medial_operations/app/presenters/meeting_presenter.rb": [
        1,
        1,
        null,
        1,
        0,
        null,
        null,
        1,
        0,
        null,
        null,
        1,
        0,
        null,
        null,
        1,
        0,
        null,
        null,
        1,
        0,
        null,
        null,
        1,
        0,
        null,
        null,
        1,
        0,
        null,
        null
      ],
      "/Users/jhoogst2/Dropbox/webdev/rails_projects/medial_operations/app/presenters/monograph_presenter.rb": [
        1,
        1,
        null,
        1,
        0,
        0,
        0,
        0,
        0,
        0,
        0,
        0,
        0,
        null,
        1,
        null,
        1,
        0,
        null,
        null
      ],
      "/Users/jhoogst2/Dropbox/webdev/rails_projects/medial_operations/app/presenters/online_article_presenter.rb": [
        1,
        1,
        null,
        1,
        0,
        0,
        0,
        0,
        0,
        0,
        0,
        0,
        0,
        null,
        1,
        null,
        1,
        null,
        1,
        0,
        0,
        0,
        null,
        null,
        1,
        0,
        0,
        0,
        0,
        null,
        null,
        null,
        1,
        0,
        0,
        null,
        null,
        null,
        null
      ],
      "/Users/jhoogst2/Dropbox/webdev/rails_projects/medial_operations/app/presenters/section_presenter.rb": [
        1,
        1,
        null,
        1,
        0,
        null,
        null
      ],
      "/Users/jhoogst2/Dropbox/webdev/rails_projects/medial_operations/app/presenters/volume_article_presenter.rb": [
        1,
        1,
        null,
        1,
        0,
        0,
        0,
        0,
        0,
        0,
        0,
        0,
        0,
        null,
        1,
        null,
        1,
        1,
        0,
        0,
        0,
        null,
        null
      ],
      "/Users/jhoogst2/Dropbox/webdev/rails_projects/medial_operations/app/presenters/volume_presenter.rb": [
        1,
        1,
        null,
        1,
        0,
        0,
        0,
        0,
        0,
        0,
        0,
        0,
        null,
        1,
        null,
        1,
        0,
        null,
        null,
        1,
        0,
        0,
        null,
        0,
        0,
        0,
        0,
        0,
        null,
        0,
        null,
        0,
        null,
        0,
        null,
        null,
        0,
        0,
        0,
        null,
        0,
        null,
        0,
        null,
        null,
        0,
        null,
        null
      ],
      "/Users/jhoogst2/Dropbox/webdev/rails_projects/medial_operations/app/services/assignment_parser.rb": [
        1,
        null,
        1,
        0,
        null,
        null,
        1,
        0,
        0,
        0,
        0,
        null,
        null,
        1,
        0,
        0,
        0,
        0,
        0,
        null,
        null,
        null,
        null,
        1,
        0,
        0,
        0,
        0,
        null,
        null,
        1,
        0,
        null,
        null
      ],
      "/Users/jhoogst2/Dropbox/webdev/rails_projects/medial_operations/app/services/base_parser.rb": [
        1,
        1,
        null,
        1,
        0,
        null,
        null,
        1,
        0,
        0,
        null,
        null,
        null,
        1,
        0,
        null,
        null
      ],
      "/Users/jhoogst2/Dropbox/webdev/rails_projects/medial_operations/app/services/course_parser.rb": [
        1,
        null,
        1,
        0,
        null,
        null,
        1,
        0,
        0,
        0,
        0,
        0,
        0,
        0,
        null,
        null,
        1,
        0,
        0,
        0,
        0,
        null,
        null,
        1,
        0,
        0,
        0,
        0,
        0,
        0,
        null,
        null,
        null,
        null,
        1,
        0,
        0,
        null,
        0,
        null,
        null,
        null,
        null,
        1,
        0,
        0,
        null,
        0,
        null,
        null,
        null,
        null,
        1,
        0,
        0,
        null,
        null,
        1,
        0,
        0,
        null,
        null
      ],
      "/Users/jhoogst2/Dropbox/webdev/rails_projects/medial_operations/app/services/meeting_parser.rb": [
        1,
        null,
        1,
        0,
        0,
        null,
        0,
        null,
        null,
        null,
        1,
        0,
        0,
        0,
        null,
        null,
        1,
        0,
        0,
        0,
        0,
        0,
        0,
        0,
        0,
        0,
        null,
        null,
        null,
        null,
        1,
        0,
        0,
        null,
        null,
        null,
        1,
        0,
        null,
        null,
        1,
        0,
        0,
        0,
        0,
        0,
        null,
        null,
        1,
        0,
        0,
        0,
        null,
        null,
        1,
        0,
        null,
        null,
        1,
        0,
        null,
        null
      ],
      "/Users/jhoogst2/Dropbox/webdev/rails_projects/medial_operations/app/services/reference_parser.rb": [
        null,
        1,
        null,
        1,
        0,
        0,
        0,
        null,
        null,
        null,
        1,
        0,
        null,
        0,
        0,
        0,
        0,
        0,
        0,
        0,
        0,
        0,
        0,
        0,
        null,
        0,
        null,
        null,
        null,
        null,
        null,
        null,
        null,
        null,
        0,
        null,
        null,
        null,
        null,
        null,
        null,
        null,
        null,
        null,
        null,
        0,
        null,
        null,
        null,
        null,
        null,
        null,
        null,
        null,
        null,
        null,
        0,
        null,
        null,
        null,
        null,
        null,
        null,
        null,
        0,
        null,
        null,
        null,
        null,
        null,
        null,
        null,
        null,
        null,
        0,
        null,
        null,
        null,
        null,
        null,
        null,
        null,
        null,
        null,
        0,
        0,
        0,
        0,
        0,
        0,
        0,
        null,
        0,
        null,
        null,
        1,
        0,
        null,
        null,
        1,
        0,
        null,
        null,
        null,
        null,
        null,
        null,
        0,
        0,
        0,
        0,
        0,
        0,
        null,
        null,
        0,
        null,
        0,
        null,
        null,
        null,
        1,
        0,
        0,
        0,
        null,
        0,
        null,
        0,
        null,
        null,
        1,
        0,
        0,
        0,
        null,
        0,
        null,
        0,
        null,
        null,
        1,
        null,
        1,
        0,
        0,
        0,
        0,
        0,
        0,
        0,
        0,
        0,
        0,
        null,
        null,
        null,
        1,
        0,
        0,
        0,
        0,
        0,
        0,
        0,
        0,
        0,
        0,
        null,
        null,
        null,
        1,
        0,
        0,
        0,
        0,
        0,
        0,
        0,
        0,
        null,
        null,
        null,
        1,
        0,
        0,
        0,
        0,
        0,
        0,
        0,
        null,
        null,
        null,
        1,
        0,
        0,
        0,
        0,
        0,
        0,
        0,
        0,
        null,
        null,
        null,
        1,
        0,
        0,
        0,
        0,
        0,
        0,
        0,
        0,
        0,
        null,
        null,
        null,
        1,
        0,
        0,
        0,
        0,
        null,
        null,
        0,
        null,
        null,
        1,
        0,
        0,
        null,
        0,
        null,
        0,
        null,
        null,
        null,
        1,
        0,
        0,
        0,
        0,
        0,
        0,
        0,
        null,
        0,
        0,
        null,
        0,
        null,
        0,
        null,
        null,
        1,
        0,
        0,
        0,
        0,
        0,
        0,
        null,
        0,
        null,
        0,
        null,
        0,
        0,
        null,
        0,
        null,
        null
      ],
      "/Users/jhoogst2/Dropbox/webdev/rails_projects/medial_operations/app/services/section_parser.rb": [
        1,
        null,
        1,
        0,
        null,
        null,
        1,
        0,
        0,
        0,
        0,
        0,
        0,
        null,
        null,
        1,
        0,
        0,
        null,
        null,
        1,
        0,
        0,
        null,
        null,
        1,
        0,
        0,
        0,
        null,
        null,
        null,
        null,
        1,
        0,
        0,
        null,
        0,
        null,
        0,
        null,
        null,
        null,
        null,
        null
      ],
      "/Users/jhoogst2/Dropbox/webdev/rails_projects/medial_operations/spec/factories.rb": [
        1,
        null,
        1,
        1,
        1,
        1,
        null,
        null,
        1,
        1,
        1,
        1,
        1,
        null,
        1,
        1,
        1,
        null,
        null,
        null,
        null,
        1,
        1,
        1,
        1,
        null,
        1,
        1,
        0,
        0,
        0,
        0,
        0,
        null,
        null,
        null,
        null,
        null,
        1,
        1,
        1,
        1,
        1,
        null,
        null,
        1,
        1,
        1,
        1,
        1,
        1,
        1,
        1,
        null,
        1,
        1,
        1,
        null,
        null,
        null,
        1,
        1,
        1,
        1,
        0,
        0,
        0,
        null,
        null,
        null,
        1,
        1,
        1,
        0,
        0,
        0,
        null,
        null,
        1,
        1,
        1,
        1,
        1,
        0,
        0,
        0,
        0,
        null,
        null,
        null,
        1,
        1,
        1,
        1,
        1,
        0,
        0,
        0,
        null,
        null,
        null,
        null,
        1,
        1,
        1,
        0,
        null,
        null,
        1,
        1,
        1,
        1,
        1,
        0,
        0,
        null,
        null,
        null,
        null,
        1,
        1,
        1,
        1,
        0,
        null,
        null,
        null,
        1,
        1,
        1,
        null,
        null,
        1,
        1,
        1,
        null,
        null,
        1,
        1,
        1,
        1,
        1,
        null,
        1,
        1,
        1,
        0,
        0,
        null,
        null,
        null,
        null,
        1,
        1,
        1,
        1,
        1,
        null,
        1,
        1,
        1,
        1,
        1,
        0,
        null,
        null,
        null,
        1,
        1,
        1,
        1,
        1,
        0,
        null,
        null,
        null,
        null,
        1,
        1,
        1,
        1,
        1,
        1,
        1,
        1,
        1,
        0,
        0,
        null,
        null,
        null,
        1,
        1,
        1,
        1,
        1,
        1,
        1,
        0,
        0,
        null,
        null,
        1,
        1,
        1,
        null,
        null,
        null,
        1,
        1,
        1,
        1,
        1,
        1,
        0,
        null,
        null,
        null,
        1,
        1,
        null,
        null,
        1,
        1,
        null,
        1,
        1,
        0,
        null,
        null,
        1,
        1,
        1,
        null,
        null,
        1,
        1,
        1,
        1,
        null,
        null,
        1,
        1,
        1,
        null,
        null,
        1,
        1,
        1,
        null,
        null,
        null,
        1,
        1,
        1,
        null,
        null,
        1,
        1,
        1,
        null,
        null,
        1,
        1,
        1,
        null,
        null,
        1,
        1,
        1,
        null,
        null,
        1,
        1,
        1,
        null,
        null,
        1,
        1,
        1,
        null,
        null,
        1,
        1,
        1,
        null,
        null,
        1,
        1,
        1,
        null,
        null,
        null,
        1,
        1,
        1,
        null,
        1,
        1,
        1,
        null,
        null,
        1,
        1,
        1,
        null,
        null,
        1,
        1,
        1,
        null,
        null,
        null,
        1,
        1,
        1,
        null,
        null,
        null,
        1,
        1,
        null,
        null,
        1,
        1,
        1,
        null,
        null
      ],
      "/Users/jhoogst2/Dropbox/webdev/rails_projects/medial_operations/spec/factories/chapter_presenters.rb": [
        null,
        null,
        1,
        1,
        null,
        null
      ],
      "/Users/jhoogst2/Dropbox/webdev/rails_projects/medial_operations/spec/factories/collection_reference_presenters.rb": [
        null,
        null,
        1,
        1,
        null,
        null
      ],
      "/Users/jhoogst2/Dropbox/webdev/rails_projects/medial_operations/spec/factories/individual_references.rb": [
        null,
        null,
        1,
        1,
        null,
        null
      ],
      "/Users/jhoogst2/Dropbox/webdev/rails_projects/medial_operations/spec/factories/journal_article_presenters.rb": [
        null,
        null,
        1,
        1,
        null,
        null
      ],
      "/Users/jhoogst2/Dropbox/webdev/rails_projects/medial_operations/spec/factories/magazine_article_presenters.rb": [
        null,
        null,
        1,
        1,
        null,
        null
      ],
      "/Users/jhoogst2/Dropbox/webdev/rails_projects/medial_operations/spec/factories/monograph_presenters.rb": [
        null,
        null,
        1,
        1,
        null,
        null
      ],
      "/Users/jhoogst2/Dropbox/webdev/rails_projects/medial_operations/spec/factories/periodical_references.rb": [
        null,
        null,
        1,
        1,
        null,
        null
      ],
      "/Users/jhoogst2/Dropbox/webdev/rails_projects/medial_operations/spec/factories/periodicals.rb": [
        null,
        null,
        1,
        1,
        null,
        null
      ],
      "/Users/jhoogst2/Dropbox/webdev/rails_projects/medial_operations/spec/support/mongoid.rb": [
        1,
        1,
        null
      ],
      "/Users/jhoogst2/Dropbox/webdev/rails_projects/medial_operations/spec/support/utilities.rb": [
        1,
        0,
        0,
        0,
        0,
        0,
        0,
        0,
        null,
        null
      ]
    },
    "timestamp": 1359391207
  },
  "Cucumber Features": {
    "coverage": {
      "/Users/jhoogst2/Dropbox/webdev/rails_projects/medial_operations/config/environment.rb": [
        null,
        1,
        null,
        null,
        1
      ],
      "/Users/jhoogst2/Dropbox/webdev/rails_projects/medial_operations/config/application.rb": [
        1,
        null,
        null,
        null,
        1,
        1,
        1,
        1,
        null,
        1,
        null,
        1,
        null,
        null,
        null,
        null,
        1,
        1,
        null,
        null,
        null,
        null,
        null,
        1,
        null,
        null,
        null,
        null,
        null,
        null,
        null,
        null,
        null,
        null,
        null,
        null,
        null,
        null,
        null,
        null,
        null,
        1,
        null,
        null,
        1,
        null,
        null,
        1,
        null,
        null,
        null,
        null,
        null,
        null,
        null,
        null,
        null,
        null,
        null,
        null,
        null,
        1,
        null,
        null,
        1,
        null,
        null,
        1,
        null,
        null,
        1,
        null,
        1,
        1,
        null,
        null,
        null,
        1,
        null,
        null,
        1,
        null,
        null
      ],
      "/Users/jhoogst2/Dropbox/webdev/rails_projects/medial_operations/config/boot.rb": [
        1,
        null,
        null,
        1,
        null,
        1
      ],
      "/Users/jhoogst2/Dropbox/webdev/rails_projects/medial_operations/config/environments/test.rb": [
        1,
        null,
        null,
        null,
        null,
        null,
        null,
        1,
        null,
        null,
        1,
        1,
        null,
        null,
        1,
        null,
        null,
        1,
        1,
        null,
        null,
        1,
        null,
        null,
        1,
        null,
        null,
        null,
        null,
        1,
        null,
        null,
        null,
        1,
        null,
        1,
        null
      ],
      "/Users/jhoogst2/Dropbox/webdev/rails_projects/medial_operations/config/initializers/backtrace_silencers.rb": [
        null,
        null,
        null,
        null,
        null,
        null,
        null
      ],
      "/Users/jhoogst2/Dropbox/webdev/rails_projects/medial_operations/config/initializers/bonsai.rb": [
        1,
        null,
        null,
        1,
        1,
        1
      ],
      "/Users/jhoogst2/Dropbox/webdev/rails_projects/medial_operations/config/initializers/devise.rb": [
        null,
        null,
        1,
        null,
        null,
        null,
        1,
        null,
        null,
        null,
        null,
        null,
        null,
        null,
        null,
        1,
        null,
        null,
        null,
        null,
        null,
        null,
        null,
        null,
        null,
        null,
        null,
        null,
        null,
        null,
        null,
        null,
        null,
        null,
        null,
        null,
        null,
        1,
        null,
        null,
        null,
        null,
        1,
        null,
        null,
        null,
        null,
        null,
        null,
        null,
        null,
        null,
        null,
        null,
        null,
        null,
        null,
        null,
        null,
        null,
        null,
        null,
        null,
        null,
        null,
        null,
        null,
        null,
        null,
        null,
        null,
        null,
        1,
        null,
        null,
        null,
        null,
        null,
        null,
        null,
        null,
        1,
        null,
        null,
        null,
        null,
        null,
        null,
        null,
        null,
        null,
        null,
        null,
        null,
        null,
        null,
        null,
        null,
        null,
        null,
        null,
        null,
        null,
        null,
        null,
        null,
        1,
        null,
        null,
        null,
        null,
        null,
        null,
        null,
        null,
        null,
        null,
        null,
        null,
        null,
        null,
        null,
        null,
        null,
        1,
        null,
        null,
        null,
        null,
        null,
        null,
        null,
        null,
        null,
        null,
        null,
        null,
        null,
        null,
        null,
        null,
        null,
        null,
        null,
        null,
        null,
        null,
        null,
        null,
        null,
        null,
        null,
        null,
        null,
        null,
        null,
        null,
        null,
        null,
        null,
        null,
        null,
        null,
        null,
        null,
        null,
        null,
        null,
        null,
        null,
        1,
        null,
        null,
        null,
        null,
        null,
        null,
        null,
        null,
        null,
        null,
        null,
        null,
        null,
        null,
        null,
        null,
        null,
        null,
        null,
        null,
        null,
        null,
        null,
        null,
        null,
        null,
        null,
        null,
        null,
        null,
        null,
        null,
        null,
        null,
        null,
        null,
        null,
        null,
        null,
        1,
        null,
        null,
        null,
        null,
        null,
        null,
        null,
        null,
        null,
        null,
        null,
        null,
        null,
        null,
        null,
        null,
        null,
        null,
        null,
        null,
        null,
        null,
        null,
        null,
        null,
        null,
        null,
        null,
        null
      ],
      "/Users/jhoogst2/Dropbox/webdev/rails_projects/medial_operations/config/initializers/inflections.rb": [
        null,
        null,
        null,
        null,
        null,
        null,
        null,
        null,
        null,
        null,
        null,
        null,
        null,
        null,
        null
      ],
      "/Users/jhoogst2/Dropbox/webdev/rails_projects/medial_operations/config/initializers/mime_types.rb": [
        null,
        null,
        null,
        null,
        null
      ],
      "/Users/jhoogst2/Dropbox/webdev/rails_projects/medial_operations/config/initializers/rails_assistant.rb": [
        null,
        null,
        null,
        null,
        null,
        null,
        null,
        null,
        null,
        null,
        null,
        null,
        1,
        null,
        null,
        0,
        0,
        null,
        null,
        0,
        0,
        0,
        null,
        null,
        null,
        null
      ],
      "/Users/jhoogst2/Dropbox/webdev/rails_projects/medial_operations/config/initializers/secret_token.rb": [
        null,
        null,
        null,
        null,
        null,
        null,
        1
      ],
      "/Users/jhoogst2/Dropbox/webdev/rails_projects/medial_operations/config/initializers/session_store.rb": [
        null,
        null,
        1,
        null,
        null,
        null,
        null,
        null
      ],
      "/Users/jhoogst2/Dropbox/webdev/rails_projects/medial_operations/config/initializers/wrap_parameters.rb": [
        null,
        null,
        null,
        null,
        null,
        null,
        1,
        1,
        null,
        null
      ],
      "/Users/jhoogst2/Dropbox/webdev/rails_projects/medial_operations/config/routes.rb": [
        1,
        1,
        1,
        null,
        null,
        1,
        null,
        1,
        1,
        1,
        1,
        1,
        null,
        null,
        null,
        1,
        1,
        1,
        1,
        null,
        1,
        null,
        null,
        null,
        null,
        null,
        null,
        null,
        null,
        null,
        null,
        null,
        null,
        null,
        null,
        null,
        null,
        null,
        null,
        null,
        null,
        null,
        null,
        null,
        null,
        null,
        null,
        null,
        null,
        null,
        null,
        null,
        null,
        null,
        null,
        null,
        null,
        null,
        null,
        null,
        null,
        null,
        null,
        null,
        null,
        null,
        null,
        null,
        null,
        null,
        null,
        null,
        null,
        null,
        null,
        null,
        null,
        null,
        null
      ],
      "/Users/jhoogst2/Dropbox/webdev/rails_projects/medial_operations/app/models/user.rb": [
        1,
        1,
        null,
        null,
        null,
        1,
        null,
        null,
        null,
        null,
        1,
        1,
        null,
        null,
        1,
        1,
        null,
        null,
        1,
        null,
        null,
        1,
        1,
        1,
        1,
        1,
        null,
        null,
        1,
        1,
        1,
        1,
        null,
        null,
        null,
        null,
        null,
        null,
        null,
        null,
        null,
        1,
        1,
        null,
        1,
        null,
        null
      ],
      "/Users/jhoogst2/Dropbox/webdev/rails_projects/medial_operations/app/controllers/application_controller.rb": [
        1,
        1,
        null
      ],
      "/Users/jhoogst2/Dropbox/webdev/rails_projects/medial_operations/app/helpers/application_helper.rb": [
        1,
        1,
        0,
        0,
        0,
        0,
        null,
        null,
        1,
        0,
        null,
        null,
        1,
        0,
        0,
        0,
        0,
        null,
        0,
        0,
        0,
        0,
        null,
        0,
        null,
        0,
        null,
        null,
        null,
        null,
        null,
        null
      ],
      "/Users/jhoogst2/Dropbox/webdev/rails_projects/medial_operations/app/helpers/authors_helper.rb": [
        1,
        null
      ],
      "/Users/jhoogst2/Dropbox/webdev/rails_projects/medial_operations/app/helpers/pages_helper.rb": [
        1,
        null
      ],
      "/Users/jhoogst2/Dropbox/webdev/rails_projects/medial_operations/app/helpers/presentations_helper.rb": [
        1,
        null
      ],
      "/Users/jhoogst2/Dropbox/webdev/rails_projects/medial_operations/app/helpers/references_helper.rb": [
        1,
        null
      ],
      "/Users/jhoogst2/Dropbox/webdev/rails_projects/medial_operations/app/helpers/tags_helper.rb": [
        1,
        null
      ],
      "/Users/jhoogst2/Dropbox/webdev/rails_projects/medial_operations/app/helpers/users_helper.rb": [
        1,
        null
      ],
      "/Users/jhoogst2/Dropbox/webdev/rails_projects/medial_operations/app/controllers/authors_controller.rb": [
        1,
        1,
        1,
        1,
        null
      ],
      "/Users/jhoogst2/Dropbox/webdev/rails_projects/medial_operations/app/models/author.rb": [
        null,
        1,
        1,
        1,
        null,
        1,
        1,
        1,
        1,
        null,
        1,
        1,
        1,
        null,
        1,
        null,
        1,
        null,
        1,
        1,
        1,
        1,
        null,
        1,
        0,
        0,
        null,
        0,
        null,
        null,
        null,
        1,
        0,
        0,
        null,
        0,
        null,
        null,
        null,
        1,
        0,
        null,
        null,
        1,
        0,
        0,
        0,
        null,
        0,
        null,
        null,
        null,
        1,
        1,
        0,
        null,
        null,
        1,
        0,
        0,
        0,
        null,
        null,
        null
      ],
      "/Users/jhoogst2/Dropbox/webdev/rails_projects/medial_operations/app/controllers/courses_controller.rb": [
        1,
        1,
        1,
        1,
        null,
        1,
        null,
        null
      ],
      "/Users/jhoogst2/Dropbox/webdev/rails_projects/medial_operations/app/models/course.rb": [
        1,
        1,
        1,
        1,
        null,
        1,
        1,
        1,
        1,
        1,
        null,
        1,
        null,
        1,
        null,
        1,
        1,
        1,
        1,
        null,
        1,
        null,
        1,
        0,
        null,
        null,
        1,
        0,
        0,
        0,
        0,
        0,
        null,
        null,
        1,
        0,
        0,
        null,
        null,
        1,
        0,
        0,
        null,
        null,
        1,
        0,
        null,
        null,
        1,
        0,
        null,
        null,
        1,
        0,
        null,
        null
      ],
      "/Users/jhoogst2/Dropbox/webdev/rails_projects/medial_operations/app/controllers/meetings_controller.rb": [
        1,
        1,
        1,
        1,
        null,
        1,
        null,
        null,
        null
      ],
      "/Users/jhoogst2/Dropbox/webdev/rails_projects/medial_operations/app/models/meeting.rb": [
        1,
        1,
        1,
        1,
        1,
        null,
        1,
        1,
        1,
        1,
        1,
        1,
        1,
        null,
        1,
        null,
        1,
        null,
        1,
        null,
        null,
        1,
        1,
        1,
        1,
        null,
        1,
        1,
        1,
        1,
        null,
        1,
        null,
        1,
        1,
        null,
        1,
        0,
        null,
        null,
        1,
        0,
        0,
        0,
        0,
        0,
        0,
        0,
        null,
        null,
        null,
        null,
        null,
        null,
        null,
        1,
        0,
        0,
        0,
        0,
        null,
        0,
        null,
        null,
        null,
        null,
        null,
        1,
        0,
        null,
        null,
        1,
        0,
        0,
        0,
        null,
        null,
        null,
        1,
        0,
        0,
        0,
        0,
        null,
        0,
        null,
        0,
        0,
        null,
        null,
        1,
        0,
        0,
        null,
        null,
        1,
        0,
        null,
        null,
        null
      ],
      "/Users/jhoogst2/Dropbox/webdev/rails_projects/medial_operations/app/validators/right_course_validator.rb": [
        1,
        1,
        0,
        null,
        1,
        0,
        0,
        null,
        null,
        null
      ],
      "/Users/jhoogst2/Dropbox/webdev/rails_projects/medial_operations/app/controllers/pages_controller.rb": [
        1,
        1,
        null
      ],
      "/Users/jhoogst2/Dropbox/webdev/rails_projects/medial_operations/app/controllers/presentations_controller.rb": [
        1,
        1,
        1,
        null
      ],
      "/Users/jhoogst2/Dropbox/webdev/rails_projects/medial_operations/app/controllers/references_controller.rb": [
        1,
        1,
        1,
        1,
        null,
        1,
        null,
        null,
        1,
        null,
        null
      ],
      "/Users/jhoogst2/Dropbox/webdev/rails_projects/medial_operations/app/models/reference.rb": [
        1,
        1,
        1,
        1,
        1,
        null,
        1,
        1,
        1,
        1,
        1,
        null,
        1,
        null,
        1,
        null,
        1,
        null,
        null,
        1,
        1,
        1,
        1,
        1,
        null,
        1,
        null,
        1,
        1,
        null,
        1,
        0,
        null,
        null,
        1,
        0,
        null,
        null,
        1,
        0,
        0,
        0,
        0,
        null,
        0,
        null,
        null,
        null,
        null,
        null,
        1,
        0,
        0,
        null,
        0,
        null,
        null,
        null,
        1,
        0,
        0,
        0,
        0,
        null,
        null,
        1,
        1,
        0,
        0,
        null,
        null,
        1,
        0,
        0,
        null,
        null,
        null,
        1,
        0,
        null,
        null,
        1,
        0,
        null,
        null
      ],
      "/Users/jhoogst2/Dropbox/webdev/rails_projects/medial_operations/app/controllers/sections_controller.rb": [
        1,
        1,
        1,
        1,
        1,
        null,
        1,
        null,
        null,
        null
      ],
      "/Users/jhoogst2/Dropbox/webdev/rails_projects/medial_operations/app/models/section.rb": [
        1,
        1,
        1,
        1,
        null,
        1,
        1,
        1,
        null,
        1,
        null,
        1,
        null,
        1,
        1,
        1,
        null,
        1,
        1,
        1,
        null,
        1,
        0,
        null,
        null,
        1,
        0,
        0,
        0,
        0,
        null,
        0,
        0,
        0,
        null,
        null,
        1,
        0,
        0,
        null,
        null,
        1,
        0,
        0,
        null,
        null,
        1,
        0,
        0,
        null,
        null,
        1,
        0,
        0,
        null,
        null
      ],
      "/Users/jhoogst2/Dropbox/webdev/rails_projects/medial_operations/app/controllers/tags_controller.rb": [
        1,
        1,
        1,
        1,
        1,
        null
      ],
      "/Users/jhoogst2/Dropbox/webdev/rails_projects/medial_operations/app/models/tag.rb": [
        1,
        1,
        1,
        null,
        1,
        null,
        1,
        1,
        null,
        1,
        null,
        1,
        0,
        null,
        null,
        1,
        0,
        null,
        null,
        1,
        0,
        null,
        null,
        1,
        0,
        null,
        null
      ],
      "/Users/jhoogst2/Dropbox/webdev/rails_projects/medial_operations/app/controllers/users_controller.rb": [
        1,
        2,
        null
      ],
      "/Users/jhoogst2/Dropbox/webdev/rails_projects/medial_operations/app/models/assignment.rb": [
        1,
        1,
        1,
        1,
        1,
        null,
        1,
        1,
        1,
        1,
        null,
        1,
        null,
        1,
        1,
        null,
        1,
        1,
        null,
        1,
        0,
        null,
        null
      ],
      "/Users/jhoogst2/Dropbox/webdev/rails_projects/medial_operations/app/models/chapter.rb": [
        1,
        1,
        null,
        null,
        1,
        1,
        null,
        null,
        1,
        1,
        null,
        1,
        null,
        1,
        0,
        0,
        null,
        null,
        1,
        0,
        null,
        null,
        1,
        0,
        0,
        0,
        null,
        null,
        1,
        0,
        0,
        null,
        null,
        null,
        1,
        0,
        0,
        null,
        null,
        null,
        1,
        0,
        null,
        null,
        1,
        0,
        null,
        null,
        1,
        0,
        0,
        0,
        null,
        null
      ],
      "/Users/jhoogst2/Dropbox/webdev/rails_projects/medial_operations/app/models/individual_reference.rb": [
        1,
        1,
        null,
        1,
        1,
        null,
        1,
        1,
        0,
        0,
        0,
        null,
        null,
        1,
        0,
        null,
        null
      ],
      "/Users/jhoogst2/Dropbox/webdev/rails_projects/medial_operations/app/models/collection_reference.rb": [
        1,
        null,
        1,
        null,
        1,
        null,
        1,
        null,
        1,
        0,
        0,
        0,
        null,
        null,
        null
      ],
      "/Users/jhoogst2/Dropbox/webdev/rails_projects/medial_operations/app/models/comment.rb": [
        1,
        1,
        1,
        null,
        1,
        null
      ],
      "/Users/jhoogst2/Dropbox/webdev/rails_projects/medial_operations/app/models/journal.rb": [
        1,
        1,
        null
      ],
      "/Users/jhoogst2/Dropbox/webdev/rails_projects/medial_operations/app/models/periodical.rb": [
        1,
        1,
        1,
        1,
        null,
        1,
        1,
        null,
        1,
        null,
        1,
        1,
        null,
        1,
        0,
        0,
        0,
        null,
        0,
        null,
        null,
        1,
        0,
        null,
        null
      ],
      "/Users/jhoogst2/Dropbox/webdev/rails_projects/medial_operations/app/models/journal_article.rb": [
        1,
        1,
        null,
        1,
        1,
        null,
        1,
        1,
        null,
        1,
        1,
        0,
        0,
        null,
        null,
        1,
        1,
        null,
        1,
        0,
        0,
        null,
        null
      ],
      "/Users/jhoogst2/Dropbox/webdev/rails_projects/medial_operations/app/models/periodical_reference.rb": [
        1,
        1,
        null,
        1,
        1,
        null,
        1,
        0,
        null,
        null,
        null,
        1,
        null,
        1,
        0,
        null,
        null,
        1,
        0,
        null,
        null,
        1,
        0,
        null,
        null,
        1,
        0,
        null,
        null
      ],
      "/Users/jhoogst2/Dropbox/webdev/rails_projects/medial_operations/app/models/magazine.rb": [
        1,
        1,
        null
      ],
      "/Users/jhoogst2/Dropbox/webdev/rails_projects/medial_operations/app/models/magazine_article.rb": [
        1,
        null,
        1,
        null,
        1,
        1,
        null,
        1,
        1,
        null,
        1,
        1,
        1,
        null,
        1,
        0,
        0,
        null,
        null,
        1,
        0,
        null,
        null
      ],
      "/Users/jhoogst2/Dropbox/webdev/rails_projects/medial_operations/app/models/monograph.rb": [
        1,
        null,
        1,
        null,
        1,
        null,
        1,
        1,
        null,
        1,
        null,
        1,
        1,
        0,
        0,
        null,
        1,
        null,
        1,
        0,
        0,
        0,
        0,
        null,
        null,
        1,
        0,
        0,
        null,
        null,
        null
      ],
      "/Users/jhoogst2/Dropbox/webdev/rails_projects/medial_operations/app/models/online_article.rb": [
        1,
        1,
        null,
        1,
        1,
        null,
        1,
        1,
        null,
        1,
        0,
        null,
        null,
        1,
        0,
        0,
        null,
        null,
        1,
        null,
        null,
        null,
        1,
        0,
        null,
        null,
        1,
        0,
        null,
        null
      ],
      "/Users/jhoogst2/Dropbox/webdev/rails_projects/medial_operations/app/models/publisher.rb": [
        1,
        1,
        null,
        1,
        null,
        1,
        1,
        null,
        1,
        1,
        null,
        1,
        1,
        1,
        null,
        1,
        0,
        null,
        null
      ],
      "/Users/jhoogst2/Dropbox/webdev/rails_projects/medial_operations/app/models/volume.rb": [
        1,
        null,
        1,
        null,
        1,
        null,
        1,
        1,
        null,
        1,
        null,
        1,
        0,
        null,
        null,
        1,
        0,
        null,
        null,
        1,
        null,
        1,
        0,
        0,
        null,
        null,
        null,
        1,
        1,
        0,
        null,
        1,
        null,
        1,
        0,
        0,
        null,
        null,
        null,
        1,
        0,
        0,
        0,
        0,
        null,
        null
      ],
      "/Users/jhoogst2/Dropbox/webdev/rails_projects/medial_operations/app/models/volume_article.rb": [
        1,
        1,
        null,
        null,
        1,
        1,
        null,
        null,
        1,
        1,
        null,
        1,
        null,
        1,
        0,
        null,
        null,
        1,
        0,
        0,
        null,
        null,
        1,
        0,
        null,
        null,
        1,
        0,
        0,
        0,
        null,
        null,
        1,
        0,
        0,
        null,
        null,
        null,
        1,
        0,
        null,
        null,
        1,
        0,
        null,
        null,
        1,
        0,
        0,
        0,
        null,
        null
      ],
      "/Users/jhoogst2/Dropbox/webdev/rails_projects/medial_operations/app/models/website.rb": [
        1,
        1,
        null
      ],
      "/Users/jhoogst2/Dropbox/webdev/rails_projects/medial_operations/app/presenters/assignment_presenter.rb": [
        1,
        1,
        null,
        1,
        0,
        null,
        null
      ],
      "/Users/jhoogst2/Dropbox/webdev/rails_projects/medial_operations/app/presenters/base_presenter.rb": [
        1,
        1,
        0,
        0,
        null,
        null,
        1,
        13,
        0,
        null,
        null,
        null,
        1,
        0,
        null,
        null,
        1,
        0,
        null,
        null,
        1,
        0,
        0,
        null,
        null,
        null,
        1,
        0,
        null,
        null,
        null,
        null,
        null,
        0,
        0,
        0,
        null,
        0,
        null,
        null
      ],
      "/Users/jhoogst2/Dropbox/webdev/rails_projects/medial_operations/app/presenters/chapter_presenter.rb": [
        1,
        1,
        null,
        1,
        0,
        0,
        0,
        0,
        0,
        0,
        0,
        0,
        0,
        null,
        1,
        null,
        1,
        1,
        0,
        0,
        0,
        null,
        null
      ],
      "/Users/jhoogst2/Dropbox/webdev/rails_projects/medial_operations/app/presenters/reference_presenter.rb": [
        1,
        1,
        null,
        1,
        0,
        0,
        0,
        0,
        0,
        0,
        0,
        null,
        1,
        null,
        1,
        0,
        null,
        null,
        1,
        0,
        0,
        null,
        null,
        null,
        1,
        0,
        null,
        null,
        1,
        1,
        0,
        0,
        null,
        0,
        0,
        0,
        0,
        0,
        null,
        0,
        null,
        0,
        null,
        0,
        null,
        null,
        0,
        0,
        null,
        null,
        0,
        null,
        null,
        1,
        0,
        null,
        null,
        1,
        0,
        0,
        0,
        0,
        0,
        null,
        0,
        null,
        null,
        0,
        null,
        null,
        null,
        1,
        0,
        0,
        0,
        0,
        0,
        null,
        0,
        null,
        null,
        0,
        null,
        null,
        null,
        1,
        0,
        null,
        null,
        1,
        0,
        0,
        0,
        null,
        null,
        null,
        null,
        null,
        1,
        0,
        0,
        null,
        null,
        null,
        1,
        0,
        null,
        null
      ],
      "/Users/jhoogst2/Dropbox/webdev/rails_projects/medial_operations/app/presenters/collection_reference_presenter.rb": [
        1,
        1,
        null,
        1,
        0,
        0,
        null,
        null
      ],
      "/Users/jhoogst2/Dropbox/webdev/rails_projects/medial_operations/app/presenters/course_presenter.rb": [
        1,
        1,
        null,
        1,
        0,
        0,
        null,
        null,
        null,
        1,
        0,
        0,
        null,
        null,
        null
      ],
      "/Users/jhoogst2/Dropbox/webdev/rails_projects/medial_operations/app/presenters/journal_article_presenter.rb": [
        1,
        1,
        null,
        1,
        0,
        0,
        0,
        0,
        0,
        0,
        0,
        0,
        null,
        1,
        null,
        1,
        null,
        1,
        0,
        0,
        0,
        null,
        null,
        1,
        0,
        0,
        0,
        0,
        null,
        null,
        null,
        1,
        0,
        0,
        null,
        null,
        null
      ],
      "/Users/jhoogst2/Dropbox/webdev/rails_projects/medial_operations/app/presenters/magazine_article_presenter.rb": [
        1,
        1,
        null,
        1,
        0,
        0,
        0,
        0,
        0,
        0,
        0,
        null,
        1,
        null,
        1,
        null,
        1,
        0,
        0,
        0,
        null,
        null,
        1,
        0,
        0,
        0,
        0,
        null,
        null,
        null
      ],
      "/Users/jhoogst2/Dropbox/webdev/rails_projects/medial_operations/app/presenters/meeting_presenter.rb": [
        1,
        1,
        null,
        1,
        0,
        null,
        null,
        1,
        0,
        null,
        null,
        1,
        0,
        null,
        null,
        1,
        0,
        null,
        null,
        1,
        0,
        null,
        null,
        1,
        0,
        null,
        null,
        1,
        0,
        null,
        null
      ],
      "/Users/jhoogst2/Dropbox/webdev/rails_projects/medial_operations/app/presenters/monograph_presenter.rb": [
        1,
        1,
        null,
        1,
        0,
        0,
        0,
        0,
        0,
        0,
        0,
        0,
        0,
        null,
        1,
        null,
        1,
        0,
        null,
        null
      ],
      "/Users/jhoogst2/Dropbox/webdev/rails_projects/medial_operations/app/presenters/online_article_presenter.rb": [
        1,
        1,
        null,
        1,
        0,
        0,
        0,
        0,
        0,
        0,
        0,
        0,
        0,
        null,
        1,
        null,
        1,
        null,
        1,
        0,
        0,
        0,
        null,
        null,
        1,
        0,
        0,
        0,
        0,
        null,
        null,
        null,
        1,
        0,
        0,
        null,
        null,
        null,
        null
      ],
      "/Users/jhoogst2/Dropbox/webdev/rails_projects/medial_operations/app/presenters/section_presenter.rb": [
        1,
        1,
        null,
        1,
        0,
        null,
        null
      ],
      "/Users/jhoogst2/Dropbox/webdev/rails_projects/medial_operations/app/presenters/volume_article_presenter.rb": [
        1,
        1,
        null,
        1,
        0,
        0,
        0,
        0,
        0,
        0,
        0,
        0,
        0,
        null,
        1,
        null,
        1,
        1,
        0,
        0,
        0,
        null,
        null
      ],
      "/Users/jhoogst2/Dropbox/webdev/rails_projects/medial_operations/app/presenters/volume_presenter.rb": [
        1,
        1,
        null,
        1,
        0,
        0,
        0,
        0,
        0,
        0,
        0,
        0,
        null,
        1,
        null,
        1,
        0,
        null,
        null,
        1,
        0,
        0,
        null,
        0,
        0,
        0,
        0,
        0,
        null,
        0,
        null,
        0,
        null,
        0,
        null,
        null,
        0,
        0,
        0,
        null,
        0,
        null,
        0,
        null,
        null,
        0,
        null,
        null
      ],
      "/Users/jhoogst2/Dropbox/webdev/rails_projects/medial_operations/app/services/assignment_parser.rb": [
        1,
        null,
        1,
        0,
        null,
        null,
        1,
        0,
        0,
        0,
        0,
        null,
        null,
        1,
        0,
        0,
        0,
        0,
        0,
        null,
        null,
        null,
        null,
        1,
        0,
        0,
        0,
        0,
        null,
        null,
        1,
        0,
        null,
        null
      ],
      "/Users/jhoogst2/Dropbox/webdev/rails_projects/medial_operations/app/services/base_parser.rb": [
        1,
        1,
        null,
        1,
        0,
        null,
        null,
        1,
        0,
        0,
        null,
        null,
        null,
        1,
        0,
        null,
        null
      ],
      "/Users/jhoogst2/Dropbox/webdev/rails_projects/medial_operations/app/services/course_parser.rb": [
        1,
        null,
        1,
        0,
        null,
        null,
        1,
        0,
        0,
        0,
        0,
        0,
        0,
        0,
        null,
        null,
        1,
        0,
        0,
        0,
        0,
        null,
        null,
        1,
        0,
        0,
        0,
        0,
        0,
        0,
        null,
        null,
        null,
        null,
        1,
        0,
        0,
        null,
        0,
        null,
        null,
        null,
        null,
        1,
        0,
        0,
        null,
        0,
        null,
        null,
        null,
        null,
        1,
        0,
        0,
        null,
        null,
        1,
        0,
        0,
        null,
        null
      ],
      "/Users/jhoogst2/Dropbox/webdev/rails_projects/medial_operations/app/services/meeting_parser.rb": [
        1,
        null,
        1,
        0,
        0,
        null,
        0,
        null,
        null,
        null,
        1,
        0,
        0,
        0,
        null,
        null,
        1,
        0,
        0,
        0,
        0,
        0,
        0,
        0,
        0,
        0,
        null,
        null,
        null,
        null,
        1,
        0,
        0,
        null,
        null,
        null,
        1,
        0,
        null,
        null,
        1,
        0,
        0,
        0,
        0,
        0,
        null,
        null,
        1,
        0,
        0,
        0,
        null,
        null,
        1,
        0,
        null,
        null,
        1,
        0,
        null,
        null
      ],
      "/Users/jhoogst2/Dropbox/webdev/rails_projects/medial_operations/app/services/reference_parser.rb": [
        null,
        1,
        null,
        1,
        0,
        0,
        0,
        null,
        null,
        null,
        1,
        0,
        null,
        0,
        0,
        0,
        0,
        0,
        0,
        0,
        0,
        0,
        0,
        0,
        null,
        0,
        null,
        null,
        null,
        null,
        null,
        null,
        null,
        null,
        0,
        null,
        null,
        null,
        null,
        null,
        null,
        null,
        null,
        null,
        null,
        0,
        null,
        null,
        null,
        null,
        null,
        null,
        null,
        null,
        null,
        null,
        0,
        null,
        null,
        null,
        null,
        null,
        null,
        null,
        0,
        null,
        null,
        null,
        null,
        null,
        null,
        null,
        null,
        null,
        0,
        null,
        null,
        null,
        null,
        null,
        null,
        null,
        null,
        null,
        0,
        0,
        0,
        0,
        0,
        0,
        0,
        null,
        0,
        null,
        null,
        1,
        0,
        null,
        null,
        1,
        0,
        null,
        null,
        null,
        null,
        null,
        null,
        0,
        0,
        0,
        0,
        0,
        0,
        null,
        null,
        0,
        null,
        0,
        null,
        null,
        null,
        1,
        0,
        0,
        0,
        null,
        0,
        null,
        0,
        null,
        null,
        1,
        0,
        0,
        0,
        null,
        0,
        null,
        0,
        null,
        null,
        1,
        null,
        1,
        0,
        0,
        0,
        0,
        0,
        0,
        0,
        0,
        0,
        0,
        null,
        null,
        null,
        1,
        0,
        0,
        0,
        0,
        0,
        0,
        0,
        0,
        0,
        0,
        null,
        null,
        null,
        1,
        0,
        0,
        0,
        0,
        0,
        0,
        0,
        0,
        null,
        null,
        null,
        1,
        0,
        0,
        0,
        0,
        0,
        0,
        0,
        null,
        null,
        null,
        1,
        0,
        0,
        0,
        0,
        0,
        0,
        0,
        0,
        null,
        null,
        null,
        1,
        0,
        0,
        0,
        0,
        0,
        0,
        0,
        0,
        0,
        null,
        null,
        null,
        1,
        0,
        0,
        0,
        0,
        null,
        null,
        0,
        null,
        null,
        1,
        0,
        0,
        null,
        0,
        null,
        0,
        null,
        null,
        null,
        1,
        0,
        0,
        0,
        0,
        0,
        0,
        0,
        null,
        0,
        0,
        null,
        0,
        null,
        0,
        null,
        null,
        1,
        0,
        0,
        0,
        0,
        0,
        0,
        null,
        0,
        null,
        0,
        null,
        0,
        0,
        null,
        0,
        null,
        null
      ],
      "/Users/jhoogst2/Dropbox/webdev/rails_projects/medial_operations/app/services/section_parser.rb": [
        1,
        null,
        1,
        0,
        null,
        null,
        1,
        0,
        0,
        0,
        0,
        0,
        0,
        null,
        null,
        1,
        0,
        0,
        null,
        null,
        1,
        0,
        0,
        null,
        null,
        1,
        0,
        0,
        0,
        null,
        null,
        null,
        null,
        1,
        0,
        0,
        null,
        0,
        null,
        0,
        null,
        null,
        null,
        null,
        null
      ],
      "/Users/jhoogst2/Dropbox/webdev/rails_projects/medial_operations/spec/factories.rb": [
        1,
        null,
        1,
        2,
        1,
        1,
        null,
        null,
        1,
        1,
        1,
        1,
        1,
        null,
        1,
        1,
        1,
        null,
        null,
        null,
        null,
        1,
        1,
        1,
        1,
        null,
        1,
        1,
        0,
        0,
        0,
        0,
        0,
        null,
        null,
        null,
        null,
        null,
        1,
        1,
        1,
        1,
        1,
        null,
        null,
        1,
        1,
        1,
        1,
        1,
        1,
        1,
        1,
        null,
        1,
        1,
        1,
        null,
        null,
        null,
        1,
        1,
        1,
        1,
        0,
        0,
        0,
        null,
        null,
        null,
        1,
        1,
        1,
        0,
        0,
        0,
        null,
        null,
        1,
        1,
        1,
        1,
        1,
        0,
        0,
        0,
        0,
        null,
        null,
        null,
        1,
        1,
        1,
        1,
        1,
        0,
        0,
        0,
        null,
        null,
        null,
        null,
        1,
        1,
        1,
        0,
        null,
        null,
        1,
        1,
        1,
        1,
        1,
        0,
        0,
        null,
        null,
        null,
        null,
        1,
        1,
        1,
        1,
        0,
        null,
        null,
        null,
        1,
        1,
        1,
        null,
        null,
        1,
        1,
        1,
        null,
        null,
        1,
        1,
        1,
        1,
        1,
        null,
        1,
        1,
        1,
        0,
        0,
        null,
        null,
        null,
        null,
        1,
        1,
        1,
        1,
        1,
        null,
        1,
        1,
        1,
        1,
        1,
        0,
        null,
        null,
        null,
        1,
        1,
        1,
        1,
        1,
        0,
        null,
        null,
        null,
        null,
        1,
        1,
        1,
        1,
        1,
        1,
        1,
        1,
        1,
        0,
        0,
        null,
        null,
        null,
        1,
        1,
        1,
        1,
        1,
        1,
        1,
        0,
        0,
        null,
        null,
        1,
        1,
        1,
        null,
        null,
        null,
        1,
        1,
        1,
        1,
        1,
        1,
        0,
        null,
        null,
        null,
        1,
        1,
        null,
        null,
        1,
        1,
        null,
        1,
        1,
        0,
        null,
        null,
        1,
        1,
        1,
        null,
        null,
        1,
        1,
        1,
        1,
        null,
        null,
        1,
        1,
        1,
        null,
        null,
        1,
        1,
        1,
        null,
        null,
        null,
        1,
        1,
        1,
        null,
        null,
        1,
        1,
        1,
        null,
        null,
        1,
        1,
        1,
        null,
        null,
        1,
        1,
        1,
        null,
        null,
        1,
        1,
        1,
        null,
        null,
        1,
        1,
        1,
        null,
        null,
        1,
        1,
        1,
        null,
        null,
        1,
        1,
        1,
        null,
        null,
        null,
        1,
        1,
        1,
        null,
        1,
        1,
        1,
        null,
        null,
        1,
        1,
        1,
        null,
        null,
        1,
        1,
        1,
        null,
        null,
        null,
        1,
        1,
        1,
        null,
        null,
        null,
        1,
        1,
        null,
        null,
        1,
        1,
        1,
        null,
        null
      ],
      "/Users/jhoogst2/Dropbox/webdev/rails_projects/medial_operations/spec/factories/chapter_presenters.rb": [
        null,
        null,
        1,
        1,
        null,
        null
      ],
      "/Users/jhoogst2/Dropbox/webdev/rails_projects/medial_operations/spec/factories/collection_reference_presenters.rb": [
        null,
        null,
        1,
        1,
        null,
        null
      ],
      "/Users/jhoogst2/Dropbox/webdev/rails_projects/medial_operations/spec/factories/individual_references.rb": [
        null,
        null,
        1,
        1,
        null,
        null
      ],
      "/Users/jhoogst2/Dropbox/webdev/rails_projects/medial_operations/spec/factories/journal_article_presenters.rb": [
        null,
        null,
        1,
        1,
        null,
        null
      ],
      "/Users/jhoogst2/Dropbox/webdev/rails_projects/medial_operations/spec/factories/magazine_article_presenters.rb": [
        null,
        null,
        1,
        1,
        null,
        null
      ],
      "/Users/jhoogst2/Dropbox/webdev/rails_projects/medial_operations/spec/factories/monograph_presenters.rb": [
        null,
        null,
        1,
        1,
        null,
        null
      ],
      "/Users/jhoogst2/Dropbox/webdev/rails_projects/medial_operations/spec/factories/periodical_references.rb": [
        null,
        null,
        1,
        1,
        null,
        null
      ],
      "/Users/jhoogst2/Dropbox/webdev/rails_projects/medial_operations/spec/factories/periodicals.rb": [
        null,
        null,
        1,
        1,
        null,
        null
      ],
      "/Users/jhoogst2/Dropbox/webdev/rails_projects/medial_operations/spec/support/mongoid.rb": [
        1,
        1,
        null
      ],
      "/Users/jhoogst2/Dropbox/webdev/rails_projects/medial_operations/spec/support/utilities.rb": [
        1,
        0,
        0,
        0,
        0,
        0,
        0,
        0,
        null,
        null
      ],
      "/Users/jhoogst2/Dropbox/webdev/rails_projects/medial_operations/spec/models/user_spec.rb": [
        1,
        null,
        1,
        null,
        2,
        2,
        2,
        2,
        2,
        2,
        null,
        2,
        null,
        2,
        null
      ]
    },
    "timestamp": 1359391272
  }
}
