{
  "RSpec": {
    "coverage": {
      "/Users/jhoogst2/Dropbox/webdev/rails_projects/medial_operations/config/environment.rb": [
        null,
        1,
        null,
        null,
        1
      ],
      "/Users/jhoogst2/Dropbox/webdev/rails_projects/medial_operations/config/application.rb": [
        1,
        null,
        null,
        null,
        1,
        1,
        1,
        1,
        null,
        1,
        null,
        1,
        null,
        null,
        null,
        null,
        1,
        1,
        null,
        null,
        null,
        null,
        null,
        null,
        null,
        null,
        null,
        null,
        null,
        null,
        null,
        null,
        null,
        null,
        null,
        null,
        null,
        null,
        null,
        null,
        null,
        1,
        null,
        null,
        1,
        null,
        null,
        1,
        null,
        null,
        null,
        null,
        null,
        null,
        null,
        null,
        null,
        null,
        null,
        null,
        null,
        1,
        null,
        null,
        1,
        null,
        null,
        1,
        null,
        null,
        1,
        null,
        1,
        1,
        null,
        null,
        null,
        1,
        null,
        null,
        1,
        null,
        null
      ],
      "/Users/jhoogst2/Dropbox/webdev/rails_projects/medial_operations/config/boot.rb": [
        1,
        null,
        null,
        1,
        null,
        1
      ],
      "/Users/jhoogst2/Dropbox/webdev/rails_projects/medial_operations/config/environments/test.rb": [
        1,
        null,
        null,
        null,
        null,
        null,
        null,
        1,
        null,
        null,
        1,
        1,
        null,
        null,
        1,
        null,
        null,
        1,
        1,
        null,
        null,
        1,
        null,
        null,
        1,
        null,
        null,
        null,
        null,
        1,
        null,
        null,
        null,
        1,
        null
      ],
      "/Users/jhoogst2/Dropbox/webdev/rails_projects/medial_operations/config/initializers/backtrace_silencers.rb": [
        null,
        null,
        null,
        null,
        null,
        null,
        null
      ],
      "/Users/jhoogst2/Dropbox/webdev/rails_projects/medial_operations/config/initializers/bonsai.rb": [
        1,
        null,
        null,
        1,
        1,
        1
      ],
      "/Users/jhoogst2/Dropbox/webdev/rails_projects/medial_operations/config/initializers/inflections.rb": [
        null,
        null,
        null,
        null,
        null,
        null,
        null,
        null,
        null,
        null,
        null,
        null,
        null,
        null,
        null
      ],
      "/Users/jhoogst2/Dropbox/webdev/rails_projects/medial_operations/config/initializers/mime_types.rb": [
        null,
        null,
        null,
        null,
        null
      ],
      "/Users/jhoogst2/Dropbox/webdev/rails_projects/medial_operations/config/initializers/secret_token.rb": [
        null,
        null,
        null,
        null,
        null,
        null,
        1
      ],
      "/Users/jhoogst2/Dropbox/webdev/rails_projects/medial_operations/config/initializers/session_store.rb": [
        null,
        null,
        1,
        null,
        null,
        null,
        null,
        null
      ],
      "/Users/jhoogst2/Dropbox/webdev/rails_projects/medial_operations/config/initializers/wrap_parameters.rb": [
        null,
        null,
        null,
        null,
        null,
        null,
        1,
        1,
        null,
        null
      ],
      "/Users/jhoogst2/Dropbox/webdev/rails_projects/medial_operations/app/controllers/application_controller.rb": [
        1,
        1,
        null
      ],
      "/Users/jhoogst2/Dropbox/webdev/rails_projects/medial_operations/app/helpers/application_helper.rb": [
        1,
        1,
        110,
        110,
        110,
        110,
        null,
        null,
        1,
        112,
        null,
        null,
        1,
        76,
        76,
        76,
        76,
        76,
        1,
        1,
        0,
        null,
        1,
        null,
        1,
        null,
        null,
        null,
        null,
        null,
        null
      ],
      "/Users/jhoogst2/Dropbox/webdev/rails_projects/medial_operations/app/helpers/presentations_helper.rb": [
        1,
        null
      ],
      "/Users/jhoogst2/Dropbox/webdev/rails_projects/medial_operations/app/helpers/references_helper.rb": [
        1,
        null
      ],
      "/Users/jhoogst2/Dropbox/webdev/rails_projects/medial_operations/app/helpers/tags_helper.rb": [
        1,
        null
      ],
      "/Users/jhoogst2/Dropbox/webdev/rails_projects/medial_operations/app/controllers/courses_controller.rb": [
        1,
        1,
        7,
        7,
        null,
        1,
        null,
        null
      ],
      "/Users/jhoogst2/Dropbox/webdev/rails_projects/medial_operations/app/models/course.rb": [
        1,
        1,
        1,
        1,
        null,
        1,
        1,
        1,
        null,
        1,
        null,
        1,
        null,
        1,
        1,
        null,
        1,
        null,
        1,
        14,
        null,
        null
      ],
      "/Users/jhoogst2/Dropbox/webdev/rails_projects/medial_operations/app/controllers/presentations_controller.rb": [
        1,
        1,
        1,
        null
      ],
      "/Users/jhoogst2/Dropbox/webdev/rails_projects/medial_operations/app/models/presentation.rb": [
        1,
        1,
        1,
        1,
        null,
        1,
        1,
        1,
        null,
        1,
        null,
        1,
        null,
        1,
        null,
        1,
        0,
        null,
        null,
        1,
        5,
        4,
        7,
        7,
        null,
        5,
        null,
        null,
        null,
        null,
        null
      ],
      "/Users/jhoogst2/Dropbox/webdev/rails_projects/medial_operations/app/controllers/references_controller.rb": [
        1,
        1,
        1,
        null,
        1,
        null,
        null,
        1,
        null,
        null
      ],
      "/Users/jhoogst2/Dropbox/webdev/rails_projects/medial_operations/app/models/reference.rb": [
        1,
        1,
        1,
        1,
        null,
        1,
        1,
        1,
        1,
        1,
        null,
        1,
        null,
        null,
        1,
        1,
        1,
        1,
        null,
        1,
        null,
        1,
        1,
        null,
        1,
        1,
        1,
        null,
        1,
        null,
        1,
        24,
        null,
        null,
        1,
        4,
        4,
        4,
        8,
        4,
        8,
        null,
        null,
        8,
        null,
        null,
        null,
        1,
        24,
        8,
        8,
        8,
        null,
        3,
        null,
        null,
        null,
        null,
        null,
        1,
        29,
        null,
        null,
        1,
        24,
        24,
        null,
        0,
        null,
        null,
        null,
        null,
        null,
        null,
        null,
        null,
        null,
        null,
        null,
        null,
        null,
        null,
        null,
        null,
        null
      ],
      "/Users/jhoogst2/Dropbox/webdev/rails_projects/medial_operations/app/controllers/sections_controller.rb": [
        1,
        1,
        5,
        1,
        null,
        1,
        null,
        null,
        null
      ],
      "/Users/jhoogst2/Dropbox/webdev/rails_projects/medial_operations/app/models/section.rb": [
        1,
        1,
        1,
        1,
        null,
        1,
        1,
        1,
        null,
        1,
        null,
        1,
        null,
        1,
        1,
        null,
        1,
        1,
        null,
        1,
        66,
        null,
        null
      ],
      "/Users/jhoogst2/Dropbox/webdev/rails_projects/medial_operations/app/controllers/sessions_controller.rb": [
        1,
        1,
        4,
        1,
        null,
        1,
        null,
        null,
        null
      ],
      "/Users/jhoogst2/Dropbox/webdev/rails_projects/medial_operations/app/models/session.rb": [
        1,
        1,
        1,
        1,
        null,
        1,
        1,
        1,
        1,
        1,
        1,
        null,
        1,
        null,
        1,
        null,
        null,
        1,
        1,
        null,
        1,
        null,
        1,
        1,
        1,
        null,
        1,
        null,
        1,
        1,
        1,
        null,
        1,
        429,
        null,
        null,
        1,
        429,
        429,
        0,
        0,
        0,
        0,
        0,
        null,
        null,
        null,
        null,
        null,
        null,
        null,
        1,
        429,
        429,
        429,
        429,
        null,
        23,
        null,
        null,
        null,
        null,
        null,
        1,
        1,
        null,
        1,
        293,
        null,
        null,
        1,
        429,
        2337,
        2337,
        null,
        null,
        null
      ],
      "/Users/jhoogst2/Dropbox/webdev/rails_projects/medial_operations/app/validators/right_course_validator.rb": [
        1,
        1,
        3782,
        2,
        null,
        null,
        null
      ],
      "/Users/jhoogst2/Dropbox/webdev/rails_projects/medial_operations/app/controllers/tags_controller.rb": [
        1,
        1,
        2,
        2,
        2,
        null
      ],
      "/Users/jhoogst2/Dropbox/webdev/rails_projects/medial_operations/app/models/tag.rb": [
        1,
        1,
        1,
        null,
        1,
        1,
        null,
        1,
        null,
        1,
        6,
        null,
        null,
        1,
        2,
        null,
        null,
        1,
        2,
        null,
        null
      ],
      "/Users/jhoogst2/Dropbox/webdev/rails_projects/medial_operations/app/models/author.rb": [
        1,
        1,
        1,
        1,
        null,
        1,
        1,
        1,
        null,
        1,
        null,
        1,
        1,
        1,
        null,
        1,
        50,
        null,
        null,
        1,
        34,
        null,
        null
      ],
      "/Users/jhoogst2/Dropbox/webdev/rails_projects/medial_operations/app/models/chapter.rb": [
        1,
        null,
        1,
        null,
        null,
        1,
        1,
        null,
        null
      ],
      "/Users/jhoogst2/Dropbox/webdev/rails_projects/medial_operations/app/models/individual_reference.rb": [
        1,
        1,
        null,
        1,
        1,
        null
      ],
      "/Users/jhoogst2/Dropbox/webdev/rails_projects/medial_operations/app/models/collection_reference.rb": [
        1,
        null,
        1,
        null,
        1,
        null
      ],
      "/Users/jhoogst2/Dropbox/webdev/rails_projects/medial_operations/app/models/journal.rb": [
        1,
        1,
        null
      ],
      "/Users/jhoogst2/Dropbox/webdev/rails_projects/medial_operations/app/models/periodical.rb": [
        1,
        1,
        1,
        1,
        null,
        1,
        1,
        null,
        1,
        null,
        1,
        1,
        null,
        1,
        0,
        0,
        0,
        null,
        0,
        null,
        null,
        1,
        10,
        null,
        null
      ],
      "/Users/jhoogst2/Dropbox/webdev/rails_projects/medial_operations/app/models/journal_article.rb": [
        1,
        1,
        null,
        1,
        1,
        null
      ],
      "/Users/jhoogst2/Dropbox/webdev/rails_projects/medial_operations/app/models/periodical_reference.rb": [
        1,
        1,
        null,
        1,
        1,
        null
      ],
      "/Users/jhoogst2/Dropbox/webdev/rails_projects/medial_operations/app/models/magazine.rb": [
        1,
        1,
        null
      ],
      "/Users/jhoogst2/Dropbox/webdev/rails_projects/medial_operations/app/models/magazine_article.rb": [
        1,
        null,
        1,
        null,
        null,
        1,
        1,
        null,
        1,
        null
      ],
      "/Users/jhoogst2/Dropbox/webdev/rails_projects/medial_operations/app/models/monograph.rb": [
        1,
        null,
        1,
        null,
        1,
        null,
        1,
        1,
        null
      ],
      "/Users/jhoogst2/Dropbox/webdev/rails_projects/medial_operations/app/models/publisher.rb": [
        1,
        1,
        null,
        1,
        null,
        1,
        1,
        null,
        1,
        1,
        null,
        1,
        1,
        1,
        null,
        1,
        8,
        null,
        null
      ],
      "/Users/jhoogst2/Dropbox/webdev/rails_projects/medial_operations/app/presenters/base_presenter.rb": [
        1,
        1,
        142,
        142,
        null,
        null,
        1,
        9,
        266,
        null,
        null,
        null,
        1,
        129,
        null,
        null,
        1,
        89,
        null,
        null,
        1,
        112,
        112,
        null,
        null,
        null,
        1,
        29,
        null,
        null,
        null,
        null,
        null,
        29,
        377,
        377,
        null,
        29,
        null,
        null
      ],
      "/Users/jhoogst2/Dropbox/webdev/rails_projects/medial_operations/app/presenters/chapter_presenter.rb": [
        1,
        1,
        null,
        1,
        2,
        2,
        2,
        2,
        2,
        2,
        2,
        2,
        2,
        null,
        1,
        null,
        1,
        1,
        4,
        4,
        4,
        null,
        null
      ],
      "/Users/jhoogst2/Dropbox/webdev/rails_projects/medial_operations/app/presenters/reference_presenter.rb": [
        1,
        1,
        null,
        1,
        1,
        1,
        1,
        1,
        1,
        1,
        1,
        null,
        1,
        null,
        1,
        1,
        null,
        null,
        1,
        1,
        22,
        1,
        null,
        21,
        21,
        21,
        26,
        19,
        null,
        5,
        null,
        1,
        null,
        1,
        null,
        null,
        21,
        null,
        null,
        22,
        null,
        null,
        1,
        2,
        null,
        null,
        1,
        9,
        6,
        6,
        7,
        6,
        null,
        1,
        null,
        null,
        6,
        null,
        9,
        null,
        null,
        1,
        9,
        6,
        6,
        11,
        6,
        null,
        5,
        null,
        null,
        6,
        null,
        null,
        null,
        1,
        8,
        null,
        null,
        1,
        10,
        10,
        8,
        null,
        null,
        null,
        null,
        null,
        1,
        9,
        8,
        null,
        null,
        null,
        1,
        16,
        null,
        null
      ],
      "/Users/jhoogst2/Dropbox/webdev/rails_projects/medial_operations/app/presenters/collection_reference_presenter.rb": [
        1,
        1,
        null,
        1,
        1,
        1,
        null,
        null
      ],
      "/Users/jhoogst2/Dropbox/webdev/rails_projects/medial_operations/app/presenters/course_presenter.rb": [
        1,
        1,
        null
      ],
      "/Users/jhoogst2/Dropbox/webdev/rails_projects/medial_operations/app/presenters/journal_article_presenter.rb": [
        1,
        1,
        null,
        1,
        2,
        2,
        2,
        2,
        2,
        2,
        2,
        2,
        null,
        1,
        null,
        1,
        null,
        1,
        4,
        4,
        4,
        null,
        null,
        1,
        4,
        2,
        2,
        2,
        null,
        null,
        null,
        1,
        4,
        4,
        null,
        null,
        null
      ],
      "/Users/jhoogst2/Dropbox/webdev/rails_projects/medial_operations/app/presenters/magazine_article_presenter.rb": [
        1,
        1,
        null,
        1,
        2,
        2,
        2,
        2,
        2,
        2,
        2,
        null,
        1,
        null,
        1,
        null,
        1,
        4,
        4,
        4,
        null,
        null,
        1,
        4,
        2,
        2,
        2,
        null,
        null,
        null
      ],
      "/Users/jhoogst2/Dropbox/webdev/rails_projects/medial_operations/app/presenters/monograph_presenter.rb": [
        1,
        1,
        null,
        1,
        2,
        2,
        2,
        2,
        2,
        2,
        2,
        2,
        2,
        null,
        1,
        null,
        1,
        4,
        null,
        null
      ],
      "/Users/jhoogst2/Dropbox/webdev/rails_projects/medial_operations/app/presenters/section_presenter.rb": [
        1,
        1,
        null,
        1,
        23,
        null,
        null
      ],
      "/Users/jhoogst2/Dropbox/webdev/rails_projects/medial_operations/app/presenters/session_presenter.rb": [
        1,
        1,
        null,
        1,
        76,
        null,
        null,
        1,
        76,
        null,
        null,
        1,
        76,
        null,
        null,
        1,
        76,
        null,
        null,
        1,
        76,
        null,
        null
      ],
      "/Users/jhoogst2/Dropbox/webdev/rails_projects/medial_operations/spec/factories.rb": [
        1,
        null,
        1,
        1,
        1,
        1,
        null,
        1,
        1,
        21,
        84,
        21,
        63,
        189,
        null,
        null,
        null,
        null,
        null,
        1,
        1,
        1,
        80,
        1,
        null,
        null,
        1,
        1,
        1,
        1,
        1,
        1,
        1,
        null,
        1,
        1,
        3,
        null,
        null,
        null,
        1,
        1,
        1,
        1,
        24,
        24,
        24,
        null,
        null,
        null,
        1,
        1,
        1,
        36,
        36,
        36,
        36,
        null,
        null,
        1,
        1,
        1,
        1,
        1,
        2,
        2,
        2,
        2,
        null,
        null,
        null,
        1,
        1,
        1,
        1,
        1,
        2,
        2,
        2,
        2,
        null,
        null,
        null,
        null,
        1,
        1,
        1,
        1,
        23,
        null,
        null,
        null,
        1,
        1,
        1,
        null,
        null,
        1,
        1,
        1,
        1,
        1,
        null,
        1,
        1,
        1,
        1,
        1,
        1,
        null,
        null,
        null,
        1,
        1,
        1,
        1,
        1,
        1,
        null,
        null,
        null,
        null,
        1,
        1,
        1,
        1,
        1,
        1,
        1,
        1,
        1,
        17,
        17,
        null,
        null,
        null,
        1,
        1,
        1,
        1,
        1,
        1,
        1,
        19,
        19,
        null,
        null,
        1,
        1,
        1,
        null,
        null,
        null,
        1,
        1,
        null,
        373,
        null,
        1,
        1,
        1,
        null,
        null,
        1,
        1,
        1,
        null,
        null,
        1,
        1,
        1,
        null,
        null,
        1,
        1,
        1,
        null,
        null,
        1,
        1,
        1,
        null,
        null,
        1,
        1,
        1,
        null,
        null,
        1,
        1,
        1,
        null,
        null,
        1,
        1,
        1,
        null,
        null,
        null,
        1,
        1,
        1,
        null,
        1,
        1,
        1,
        null,
        null,
        1,
        1,
        1,
        null,
        null,
        null,
        1,
        1,
        1,
        null,
        null,
        null,
        1,
        9,
        null,
        null,
        1,
        1,
        1,
        null,
        null
      ],
      "/Users/jhoogst2/Dropbox/webdev/rails_projects/medial_operations/spec/factories/chapter_presenters.rb": [
        null,
        null,
        1,
        1,
        null,
        null
      ],
      "/Users/jhoogst2/Dropbox/webdev/rails_projects/medial_operations/spec/factories/collection_reference_presenters.rb": [
        null,
        null,
        1,
        1,
        null,
        null
      ],
      "/Users/jhoogst2/Dropbox/webdev/rails_projects/medial_operations/spec/factories/individual_references.rb": [
        null,
        null,
        1,
        1,
        null,
        null
      ],
      "/Users/jhoogst2/Dropbox/webdev/rails_projects/medial_operations/spec/factories/journal_article_presenters.rb": [
        null,
        null,
        1,
        1,
        null,
        null
      ],
      "/Users/jhoogst2/Dropbox/webdev/rails_projects/medial_operations/spec/factories/magazine_article_presenters.rb": [
        null,
        null,
        1,
        1,
        null,
        null
      ],
      "/Users/jhoogst2/Dropbox/webdev/rails_projects/medial_operations/spec/factories/monograph_presenters.rb": [
        null,
        null,
        1,
        1,
        null,
        null
      ],
      "/Users/jhoogst2/Dropbox/webdev/rails_projects/medial_operations/spec/factories/periodical_references.rb": [
        null,
        null,
        1,
        1,
        null,
        null
      ],
      "/Users/jhoogst2/Dropbox/webdev/rails_projects/medial_operations/spec/factories/periodicals.rb": [
        null,
        null,
        1,
        1,
        null,
        null
      ],
      "/Users/jhoogst2/Dropbox/webdev/rails_projects/medial_operations/config/routes.rb": [
        1,
        1,
        null,
        1,
        1,
        1,
        1,
        1,
        null,
        null,
        null,
        1,
        1,
        1,
        null,
        1,
        null,
        null,
        null,
        null,
        null,
        null,
        null,
        null,
        null,
        null,
        null,
        null,
        null,
        null,
        null,
        null,
        null,
        null,
        null,
        null,
        null,
        null,
        null,
        null,
        null,
        null,
        null,
        null,
        null,
        null,
        null,
        null,
        null,
        null,
        null,
        null,
        null,
        null,
        null,
        null,
        null,
        null,
        null,
        null,
        null,
        null,
        null,
        null,
        null,
        null,
        null,
        null,
        null,
        null,
        null,
        null,
        null,
        null
      ],
      "/Users/jhoogst2/Dropbox/webdev/rails_projects/medial_operations/spec/support/mongoid.rb": [
        1,
        1,
        null
      ],
      "/Users/jhoogst2/Dropbox/webdev/rails_projects/medial_operations/spec/support/utilities.rb": [
        1,
        4,
        4,
        4,
        4,
        4,
        4,
        null,
        null
      ],
      "/Users/jhoogst2/Dropbox/webdev/rails_projects/medial_operations/spec/controllers/presentations_controller_spec.rb": [
        1,
        null,
        1,
        null,
        null
      ],
      "/Users/jhoogst2/Dropbox/webdev/rails_projects/medial_operations/spec/controllers/references_controller_spec.rb": [
        1,
        null,
        1,
        null
      ],
      "/Users/jhoogst2/Dropbox/webdev/rails_projects/medial_operations/spec/controllers/sections_controller_spec.rb": [
        1,
        null,
        1,
        null
      ],
      "/Users/jhoogst2/Dropbox/webdev/rails_projects/medial_operations/spec/controllers/sessions_controller_spec.rb": [
        1,
        null,
        1,
        null
      ],
      "/Users/jhoogst2/Dropbox/webdev/rails_projects/medial_operations/spec/controllers/tags_controller_spec.rb": [
        1,
        null,
        1,
        null,
        null
      ],
      "/Users/jhoogst2/Dropbox/webdev/rails_projects/medial_operations/spec/helpers/presentations_helper_spec.rb": [
        1,
        null,
        null,
        null,
        null,
        null,
        null,
        null,
        null,
        null,
        null,
        null,
        1,
        1,
        null
      ],
      "/Users/jhoogst2/Dropbox/webdev/rails_projects/medial_operations/spec/models/author_spec.rb": [
        1,
        null,
        1,
        1,
        null
      ],
      "/Users/jhoogst2/Dropbox/webdev/rails_projects/medial_operations/spec/models/chapter_spec.rb": [
        1,
        null,
        1,
        12,
        null,
        12,
        null,
        2,
        null,
        2,
        2,
        2,
        2,
        2,
        2,
        2,
        2,
        null,
        2,
        null,
        2,
        null,
        null
      ],
      "/Users/jhoogst2/Dropbox/webdev/rails_projects/medial_operations/spec/models/collection_reference_spec.rb": [
        1,
        null,
        1,
        null,
        null,
        2,
        null,
        null,
        2,
        2,
        null,
        null,
        null,
        null,
        null,
        2,
        null,
        null,
        2,
        null,
        null,
        null,
        null,
        null,
        null,
        null,
        null,
        null,
        null,
        null,
        null,
        null,
        null
      ],
      "/Users/jhoogst2/Dropbox/webdev/rails_projects/medial_operations/spec/models/course_spec.rb": [
        1,
        null,
        1,
        null,
        9,
        null,
        9,
        null,
        2,
        2,
        2,
        2,
        2,
        null,
        2,
        null,
        2,
        null,
        2,
        null
      ],
      "/Users/jhoogst2/Dropbox/webdev/rails_projects/medial_operations/spec/models/journal_article_spec.rb": [
        1,
        null,
        1,
        16,
        null,
        16,
        null,
        2,
        2,
        2,
        2,
        2,
        2,
        2,
        2,
        2,
        2,
        2,
        null,
        2,
        2,
        null,
        2,
        2,
        null
      ],
      "/Users/jhoogst2/Dropbox/webdev/rails_projects/medial_operations/spec/models/journal_spec.rb": [
        1,
        null,
        1,
        7,
        null,
        7,
        null,
        2,
        2,
        2,
        null,
        2,
        null,
        2,
        null,
        1,
        1,
        null,
        null
      ],
      "/Users/jhoogst2/Dropbox/webdev/rails_projects/medial_operations/spec/models/magazine_article_spec.rb": [
        1,
        null,
        1,
        18,
        null,
        18,
        null,
        2,
        2,
        2,
        2,
        2,
        2,
        2,
        2,
        2,
        2,
        2,
        2,
        null,
        2,
        2,
        null,
        2,
        null,
        2,
        2,
        null
      ],
      "/Users/jhoogst2/Dropbox/webdev/rails_projects/medial_operations/spec/models/magazine_spec.rb": [
        1,
        null,
        1,
        7,
        null,
        7,
        null,
        2,
        2,
        2,
        null,
        2,
        null,
        2,
        null,
        1,
        1,
        null,
        null
      ],
      "/Users/jhoogst2/Dropbox/webdev/rails_projects/medial_operations/spec/models/monograph_spec.rb": [
        1,
        null,
        1,
        19,
        null,
        19,
        null,
        2,
        2,
        2,
        2,
        2,
        2,
        2,
        2,
        2,
        null,
        2,
        2,
        null,
        2,
        null,
        2,
        2,
        2,
        2,
        null,
        null,
        1,
        3,
        1,
        2,
        2,
        null,
        null,
        2,
        null,
        1,
        2,
        null,
        1,
        1,
        1,
        null,
        null,
        2,
        null,
        null,
        null
      ],
      "/Users/jhoogst2/Dropbox/webdev/rails_projects/medial_operations/spec/models/presentation_spec.rb": [
        1,
        null,
        1,
        9,
        null,
        6,
        null,
        2,
        2,
        2,
        null,
        2,
        null,
        2,
        null,
        1,
        null,
        1,
        1,
        1,
        1,
        null,
        null,
        null,
        1,
        1,
        1,
        1,
        null,
        null,
        null,
        1,
        null,
        1,
        1,
        1,
        null,
        null,
        1,
        1,
        1,
        null,
        null,
        null,
        null,
        null
      ],
      "/Users/jhoogst2/Dropbox/webdev/rails_projects/medial_operations/spec/models/publisher_spec.rb": [
        1,
        null,
        1,
        1,
        null
      ],
      "/Users/jhoogst2/Dropbox/webdev/rails_projects/medial_operations/spec/models/reference_spec.rb": [
        1,
        null,
        1,
        13,
        null,
        11,
        null,
        2,
        2,
        2,
        2,
        2,
        2,
        null,
        2,
        null,
        2,
        null,
        1,
        1,
        null,
        null,
        1,
        1,
        null,
        null,
        1,
        1,
        2,
        2,
        2,
        2,
        null,
        null,
        2,
        null,
        1,
        1,
        1,
        1,
        1,
        null,
        null,
        2,
        null,
        null,
        null
      ],
      "/Users/jhoogst2/Dropbox/webdev/rails_projects/medial_operations/spec/models/section_spec.rb": [
        1,
        null,
        1,
        null,
        9,
        null,
        9,
        null,
        2,
        2,
        2,
        2,
        null,
        2,
        null,
        2,
        2,
        null,
        2,
        null
      ],
      "/Users/jhoogst2/Dropbox/webdev/rails_projects/medial_operations/spec/models/session_spec.rb": [
        1,
        null,
        1,
        12,
        null,
        13,
        null,
        2,
        2,
        2,
        2,
        2,
        2,
        null,
        2,
        2,
        null,
        1,
        3,
        3,
        null,
        1,
        2,
        null,
        null,
        2,
        2,
        null,
        null,
        2,
        null,
        1,
        3,
        3,
        3,
        null,
        2,
        null,
        1,
        1,
        1,
        1,
        1,
        1,
        1,
        null,
        null,
        null,
        1,
        1,
        2,
        2,
        2,
        2,
        null,
        null,
        2,
        null,
        1,
        1,
        1,
        1,
        1,
        null,
        null,
        2,
        null,
        null,
        null
      ],
      "/Users/jhoogst2/Dropbox/webdev/rails_projects/medial_operations/spec/models/tag_spec.rb": [
        1,
        null,
        1,
        9,
        2,
        2,
        null,
        7,
        null,
        2,
        2,
        2,
        2,
        null,
        2,
        null,
        2,
        null,
        1,
        1,
        1,
        1,
        1,
        1,
        null,
        null,
        2,
        null,
        null,
        1,
        1,
        1,
        1,
        1,
        1,
        null,
        null,
        2,
        null,
        null
      ],
      "/Users/jhoogst2/Dropbox/webdev/rails_projects/medial_operations/spec/presenters/base_presenter_spec.rb": [
        1,
        null,
        1,
        5,
        5,
        null,
        2,
        null,
        1,
        null,
        2,
        2,
        2,
        null,
        1,
        1,
        null,
        null,
        null
      ],
      "/Users/jhoogst2/Dropbox/webdev/rails_projects/medial_operations/spec/presenters/chapter_presenter_spec.rb": [
        1,
        null,
        1,
        null,
        3,
        null,
        3,
        null,
        1,
        2,
        null,
        1,
        1,
        1,
        1,
        1,
        1,
        null,
        null,
        null,
        1,
        2,
        null,
        1,
        1,
        1,
        1,
        1,
        1,
        1,
        1,
        null,
        null,
        null
      ],
      "/Users/jhoogst2/Dropbox/webdev/rails_projects/medial_operations/spec/presenters/collection_reference_presenter_spec.rb": [
        1,
        null,
        1,
        2,
        2,
        null,
        2,
        null,
        2,
        null
      ],
      "/Users/jhoogst2/Dropbox/webdev/rails_projects/medial_operations/spec/presenters/course_presenter_spec.rb": [
        1,
        null,
        1,
        5,
        5,
        null,
        5,
        null,
        null,
        null,
        2,
        2,
        null,
        2,
        2,
        null
      ],
      "/Users/jhoogst2/Dropbox/webdev/rails_projects/medial_operations/spec/presenters/journal_article_presenter_spec.rb": [
        1,
        null,
        1,
        3,
        null,
        3,
        null,
        1,
        2,
        null,
        1,
        1,
        1,
        1,
        1,
        1,
        null,
        null,
        null,
        1,
        2,
        null,
        1,
        1,
        1,
        1,
        1,
        1,
        null,
        null,
        null
      ],
      "/Users/jhoogst2/Dropbox/webdev/rails_projects/medial_operations/spec/presenters/magazine_article_presenter_spec.rb": [
        1,
        null,
        1,
        3,
        null,
        3,
        null,
        1,
        2,
        null,
        1,
        1,
        1,
        1,
        1,
        1,
        null,
        null,
        null,
        1,
        2,
        null,
        1,
        1,
        1,
        1,
        1,
        1,
        null,
        null,
        null
      ],
      "/Users/jhoogst2/Dropbox/webdev/rails_projects/medial_operations/spec/presenters/monograph_presenter_spec.rb": [
        1,
        null,
        1,
        3,
        null,
        3,
        null,
        1,
        2,
        null,
        1,
        1,
        1,
        1,
        1,
        1,
        null,
        null,
        null,
        1,
        2,
        null,
        1,
        1,
        1,
        1,
        1,
        1,
        1,
        1,
        null,
        null,
        null
      ],
      "/Users/jhoogst2/Dropbox/webdev/rails_projects/medial_operations/spec/presenters/reference_presenter_spec.rb": [
        1,
        null,
        1,
        9,
        9,
        null,
        8,
        null,
        1,
        null,
        1,
        1,
        null,
        null,
        1,
        2,
        null,
        null,
        1,
        2,
        null,
        1,
        1,
        1,
        1,
        null,
        null,
        null,
        1,
        2,
        null,
        1,
        1,
        1,
        3,
        1,
        1,
        1,
        null,
        null,
        1,
        null,
        null,
        null,
        null,
        1,
        null,
        1,
        2,
        null,
        1,
        1,
        null,
        null,
        null,
        1,
        2,
        null,
        1,
        1,
        1,
        1,
        null,
        null,
        null,
        null,
        1,
        null,
        1,
        2,
        null,
        1,
        1,
        null,
        null,
        null,
        1,
        2,
        null,
        1,
        1,
        1,
        1,
        null,
        null,
        null,
        null
      ],
      "/Users/jhoogst2/Dropbox/webdev/rails_projects/medial_operations/spec/presenters/section_presenter_spec.rb": [
        1,
        null,
        1,
        3,
        3,
        null,
        3,
        null,
        1,
        1,
        1,
        null,
        null,
        2,
        null
      ],
      "/Users/jhoogst2/Dropbox/webdev/rails_projects/medial_operations/spec/presenters/session_presenter_spec.rb": [
        1,
        null,
        1,
        6,
        6,
        null,
        6,
        null,
        2,
        2,
        2,
        2,
        1,
        1,
        1,
        1,
        null,
        null
      ],
      "/Users/jhoogst2/Dropbox/webdev/rails_projects/medial_operations/spec/requests/course_pages_spec.rb": [
        1,
        null,
        1,
        5,
        20,
        null,
        20,
        null,
        1,
        null,
        7,
        null,
        2,
        2,
        2,
        2,
        2,
        2,
        null,
        null,
        1,
        null,
        7,
        null,
        2,
        2,
        2,
        2,
        null,
        2,
        null,
        2,
        null,
        null,
        1,
        5,
        null,
        5,
        null,
        2,
        2,
        2,
        2,
        null,
        null,
        1,
        4,
        null,
        4,
        null,
        2,
        2,
        2,
        null,
        null
      ],
      "/Users/jhoogst2/Dropbox/webdev/rails_projects/medial_operations/spec/requests/tag_pages_spec.rb": [
        1,
        null,
        1,
        2,
        2,
        2,
        null,
        1,
        null,
        1,
        null,
        1,
        1,
        1,
        1,
        1,
        1,
        null,
        null,
        2,
        null,
        null,
        null,
        null,
        null,
        null,
        null,
        null
      ]
    },
    "timestamp": 1352460348
  }
}
